<?xml version="1.0" encoding="UTF-8"?>
<robot generator="Robot 4.1.3 (Python 3.10.2 on win32)" generated="20220315 13:04:50.554" rpa="false" schemaversion="2">
<suite id="s1" name="Normalize Path" source="D:\Robot\Standard\OperatingSystem\Normalize Path.robot">
<test id="s1-t1" name="LogEnvironmentalVariables">
<kw name="Normalize Path" library="robot.libraries.OperatingSystem">
<var>${path}</var>
<arg>D:\\Robot\\Standard\\OperatingSystem/../Resource/sample.xml</arg>
<doc>Normalizes the given path.</doc>
<msg timestamp="20220315 13:04:50.600" level="INFO">${path} = D:\Robot\Standard\Resource\sample.xml</msg>
<status status="PASS" starttime="20220315 13:04:50.600" endtime="20220315 13:04:50.600"/>
</kw>
<kw name="Log To Console" library="BuiltIn">
<arg>${path}</arg>
<doc>Logs the given message to the console.</doc>
<status status="PASS" starttime="20220315 13:04:50.600" endtime="20220315 13:04:50.600"/>
</kw>
<kw name="Log To Console" library="BuiltIn">
<arg>D:\\Robot\\Standard\\OperatingSystem</arg>
<doc>Logs the given message to the console.</doc>
<status status="PASS" starttime="20220315 13:04:50.600" endtime="20220315 13:04:50.600"/>
</kw>
<kw name="Log To Console" library="BuiltIn">
<arg>${path}</arg>
<doc>Logs the given message to the console.</doc>
<status status="PASS" starttime="20220315 13:04:50.600" endtime="20220315 13:04:50.600"/>
</kw>
<status status="PASS" starttime="20220315 13:04:50.600" endtime="20220315 13:04:50.600"/>
</test>
<status status="PASS" starttime="20220315 13:04:50.554" endtime="20220315 13:04:50.600"/>
</suite>
<statistics>
<total>
<stat pass="1" fail="0" skip="0">All Tests</stat>
</total>
<tag>
</tag>
<suite>
<stat pass="1" fail="0" skip="0" id="s1" name="Normalize Path">Normalize Path</stat>
</suite>
</statistics>
<errors>
</errors>
</robot>
