<?xml version="1.0" encoding="UTF-8"?>
<robot generator="Robot 3.1.2 (Python 3.8.6 on win32)" generated="20210414 15:15:57.529" rpa="false">
<suite id="s1" name="RunMultipleTimes" source="C:\Users\dhchaluv\PycharmProjects\pythonProject\tests\RunMultipleTimes.robot">
<test id="s1-t1" name="Execute Multiple Times">
<kw name="Repeat Keyword" library="BuiltIn">
<doc>Executes the specified keyword multiple times.</doc>
<arguments>
<arg>2 times</arg>
<arg>Multiple</arg>
</arguments>
<msg timestamp="20210414 15:15:57.555" level="INFO">Repeating keyword, round 1/2.</msg>
<kw name="Multiple">
<kw name="Log" library="BuiltIn">
<doc>Logs the given message with the given level.</doc>
<arguments>
<arg>first run</arg>
</arguments>
<msg timestamp="20210414 15:15:57.555" level="INFO">first run</msg>
<status status="PASS" starttime="20210414 15:15:57.555" endtime="20210414 15:15:57.555"></status>
</kw>
<kw name="Log" library="BuiltIn">
<doc>Logs the given message with the given level.</doc>
<arguments>
<arg>secod run</arg>
</arguments>
<msg timestamp="20210414 15:15:57.556" level="INFO">secod run</msg>
<status status="PASS" starttime="20210414 15:15:57.556" endtime="20210414 15:15:57.556"></status>
</kw>
<status status="PASS" starttime="20210414 15:15:57.555" endtime="20210414 15:15:57.556"></status>
</kw>
<msg timestamp="20210414 15:15:57.556" level="INFO">Repeating keyword, round 2/2.</msg>
<kw name="Multiple">
<kw name="Log" library="BuiltIn">
<doc>Logs the given message with the given level.</doc>
<arguments>
<arg>first run</arg>
</arguments>
<msg timestamp="20210414 15:15:57.556" level="INFO">first run</msg>
<status status="PASS" starttime="20210414 15:15:57.556" endtime="20210414 15:15:57.556"></status>
</kw>
<kw name="Log" library="BuiltIn">
<doc>Logs the given message with the given level.</doc>
<arguments>
<arg>secod run</arg>
</arguments>
<msg timestamp="20210414 15:15:57.556" level="INFO">secod run</msg>
<status status="PASS" starttime="20210414 15:15:57.556" endtime="20210414 15:15:57.556"></status>
</kw>
<status status="PASS" starttime="20210414 15:15:57.556" endtime="20210414 15:15:57.556"></status>
</kw>
<status status="PASS" starttime="20210414 15:15:57.555" endtime="20210414 15:15:57.557"></status>
</kw>
<status status="PASS" starttime="20210414 15:15:57.554" endtime="20210414 15:15:57.557" critical="yes"></status>
</test>
<status status="PASS" starttime="20210414 15:15:57.530" endtime="20210414 15:15:57.558"></status>
</suite>
<statistics>
<total>
<stat pass="1" fail="0">Critical Tests</stat>
<stat pass="1" fail="0">All Tests</stat>
</total>
<tag>
</tag>
<suite>
<stat pass="1" fail="0" id="s1" name="RunMultipleTimes">RunMultipleTimes</stat>
</suite>
</statistics>
<errors>
</errors>
</robot>
