<?xml version="1.0" encoding="UTF-8"?>
<robot generator="Robot 7.0.1 (Python 3.9.13 on win32)" generated="2024-06-11T16:12:34.765420" rpa="false" schemaversion="5">
<suite id="s1" name="BuiltIn" source="C:\mydocuments\PythonClass\RobotFramework\Standard\BuiltIn">
<suite id="s1-s1" name="Arguments" source="C:\mydocuments\PythonClass\RobotFramework\Standard\BuiltIn\Arguments.robot">
<test id="s1-s1-t1" name="Arguments demo keyword1" line="6">
<kw name="Arguments demo keyword">
<kw name="Log To Console" owner="BuiltIn">
<arg>${arg1}</arg>
<doc>Logs the given message to the console.</doc>
<status status="PASS" start="2024-06-11T16:12:34.801033" elapsed="0.000000"/>
</kw>
<kw name="Log To Console" owner="BuiltIn">
<arg>${arg2}</arg>
<doc>Logs the given message to the console.</doc>
<status status="PASS" start="2024-06-11T16:12:34.801033" elapsed="0.000000"/>
</kw>
<kw name="Log To Console" owner="BuiltIn">
<arg>${true}</arg>
<doc>Logs the given message to the console.</doc>
<status status="PASS" start="2024-06-11T16:12:34.801033" elapsed="0.000000"/>
</kw>
<kw name="Log To Console" owner="BuiltIn">
<arg>${false}</arg>
<doc>Logs the given message to the console.</doc>
<status status="PASS" start="2024-06-11T16:12:34.801033" elapsed="0.000000"/>
</kw>
<arg>teja</arg>
<arg>dharma</arg>
<status status="PASS" start="2024-06-11T16:12:34.800288" elapsed="0.001765"/>
</kw>
<kw name="Arguments demo keyword">
<kw name="Log To Console" owner="BuiltIn">
<arg>${arg1}</arg>
<doc>Logs the given message to the console.</doc>
<status status="PASS" start="2024-06-11T16:12:34.802329" elapsed="0.000000"/>
</kw>
<kw name="Log To Console" owner="BuiltIn">
<arg>${arg2}</arg>
<doc>Logs the given message to the console.</doc>
<status status="PASS" start="2024-06-11T16:12:34.802329" elapsed="0.000000"/>
</kw>
<kw name="Log To Console" owner="BuiltIn">
<arg>${true}</arg>
<doc>Logs the given message to the console.</doc>
<status status="PASS" start="2024-06-11T16:12:34.802329" elapsed="0.000000"/>
</kw>
<kw name="Log To Console" owner="BuiltIn">
<arg>${false}</arg>
<doc>Logs the given message to the console.</doc>
<status status="PASS" start="2024-06-11T16:12:34.802329" elapsed="0.000000"/>
</kw>
<arg>teja1</arg>
<status status="PASS" start="2024-06-11T16:12:34.802053" elapsed="0.001398"/>
</kw>
<status status="PASS" start="2024-06-11T16:12:34.800288" elapsed="0.003163"/>
</test>
<status status="PASS" start="2024-06-11T16:12:34.798045" elapsed="0.005406"/>
</suite>
<suite id="s1-s2" name="Basic" source="C:\mydocuments\PythonClass\RobotFramework\Standard\BuiltIn\Basic.robot">
<test id="s1-s2-t1" name="Test1" line="21">
<kw name="RegistartionKeyword">
<kw name="Click Button" owner="SeleniumLibrary">
<msg time="2024-06-11T16:12:35.140955" level="FAIL">Keyword 'SeleniumLibrary.Click Button' expected 1 to 2 arguments, got 0.</msg>
<doc>Clicks the button identified by ``locator``.</doc>
<status status="FAIL" start="2024-06-11T16:12:35.140955" elapsed="0.000612">Keyword 'SeleniumLibrary.Click Button' expected 1 to 2 arguments, got 0.</status>
</kw>
<kw name="Input Text" owner="SeleniumLibrary">
<arg>xpath:</arg>
<arg>${value1}</arg>
<doc>Types the given ``text`` into the text field identified by ``locator``.</doc>
<status status="NOT RUN" start="2024-06-11T16:12:35.141567" elapsed="0.000189"/>
</kw>
<kw name="Input Text" owner="SeleniumLibrary">
<arg>xpath</arg>
<arg>${value2}</arg>
<doc>Types the given ``text`` into the text field identified by ``locator``.</doc>
<status status="NOT RUN" start="2024-06-11T16:12:35.141791" elapsed="0.000000"/>
</kw>
<kw name="Input Text" owner="SeleniumLibrary">
<arg>xpath:</arg>
<arg>${value3}</arg>
<doc>Types the given ``text`` into the text field identified by ``locator``.</doc>
<status status="NOT RUN" start="2024-06-11T16:12:35.141791" elapsed="0.000000"/>
</kw>
<kw name="Click Button" owner="SeleniumLibrary">
<doc>Clicks the button identified by ``locator``.</doc>
<status status="NOT RUN" start="2024-06-11T16:12:35.141791" elapsed="0.000000"/>
</kw>
<arg>teja</arg>
<arg>tejach@gmail.com</arg>
<arg>0098098</arg>
<status status="FAIL" start="2024-06-11T16:12:35.140124" elapsed="0.001667">Keyword 'SeleniumLibrary.Click Button' expected 1 to 2 arguments, got 0.</status>
</kw>
<status status="FAIL" start="2024-06-11T16:12:35.131288" elapsed="0.011145">Keyword 'SeleniumLibrary.Click Button' expected 1 to 2 arguments, got 0.</status>
</test>
<status status="FAIL" start="2024-06-11T16:12:34.803451" elapsed="0.339245"/>
</suite>
<suite id="s1-s3" name="Catenate" source="C:\mydocuments\PythonClass\RobotFramework\Standard\BuiltIn\catenate.robot">
<test id="s1-s3-t1" name="catenateMethod" line="5">
<kw name="Catenate" owner="BuiltIn">
<msg time="2024-06-11T16:12:35.145477" level="INFO">${str1} = Hello world</msg>
<var>${str1}</var>
<arg>Hello</arg>
<arg>world</arg>
<doc>Catenates the given items together and returns the resulted string.</doc>
<status status="PASS" start="2024-06-11T16:12:35.145477" elapsed="0.000000"/>
</kw>
<kw name="Log To Console" owner="BuiltIn">
<arg>${str1}</arg>
<doc>Logs the given message to the console.</doc>
<status status="PASS" start="2024-06-11T16:12:35.145477" elapsed="0.000000"/>
</kw>
<kw name="Catenate" owner="BuiltIn">
<msg time="2024-06-11T16:12:35.146088" level="INFO">${str2} = Hello---world</msg>
<var>${str2}</var>
<arg>SEPARATOR=---</arg>
<arg>Hello</arg>
<arg>world</arg>
<doc>Catenates the given items together and returns the resulted string.</doc>
<status status="PASS" start="2024-06-11T16:12:35.146088" elapsed="0.000000"/>
</kw>
<kw name="Log To Console" owner="BuiltIn">
<arg>${str2}</arg>
<doc>Logs the given message to the console.</doc>
<status status="PASS" start="2024-06-11T16:12:35.146088" elapsed="0.000580"/>
</kw>
<kw name="Catenate" owner="BuiltIn">
<msg time="2024-06-11T16:12:35.146950" level="INFO">${str3} = Helloworld</msg>
<var>${str3}</var>
<arg>SEPARATOR=</arg>
<arg>Hello</arg>
<arg>world</arg>
<doc>Catenates the given items together and returns the resulted string.</doc>
<status status="PASS" start="2024-06-11T16:12:35.146668" elapsed="0.000282"/>
</kw>
<kw name="Log To Console" owner="BuiltIn">
<arg>${str3}</arg>
<doc>Logs the given message to the console.</doc>
<status status="PASS" start="2024-06-11T16:12:35.146950" elapsed="0.000000"/>
</kw>
<status status="PASS" start="2024-06-11T16:12:35.144979" elapsed="0.002562"/>
</test>
<status status="PASS" start="2024-06-11T16:12:35.142696" elapsed="0.005031"/>
</suite>
<suite id="s1-s4" name="clasMethod" source="C:\mydocuments\PythonClass\RobotFramework\Standard\BuiltIn\clasMethod.robot">
<test id="s1-s4-t1" name="CallMethodTestcase" line="14">
<kw name="Call Method" owner="BuiltIn">
<msg time="2024-06-11T16:12:35.150434" level="FAIL">str object does not have method 'dharma'.</msg>
<var>${output}</var>
<arg>callmethod1</arg>
<arg>${a}</arg>
<doc>Calls the named method of the given object with the provided arguments.</doc>
<status status="FAIL" start="2024-06-11T16:12:35.150434" elapsed="0.000000">str object does not have method 'dharma'.</status>
</kw>
<kw name="Log To Console" owner="BuiltIn">
<arg>${output}</arg>
<doc>Logs the given message to the console.</doc>
<status status="NOT RUN" start="2024-06-11T16:12:35.150434" elapsed="0.000000"/>
</kw>
<status status="FAIL" start="2024-06-11T16:12:35.150121" elapsed="0.000313">str object does not have method 'dharma'.</status>
</test>
<status status="FAIL" start="2024-06-11T16:12:35.147955" elapsed="0.003263"/>
</suite>
<suite id="s1-s5" name="Comment" source="C:\mydocuments\PythonClass\RobotFramework\Standard\BuiltIn\comment.robot">
<test id="s1-s5-t1" name="Commenttestcase" line="2">
<kw name="Comment" owner="BuiltIn">
<arg>this is comment keyword</arg>
<doc>Displays the given messages in the log file as keyword arguments.</doc>
<status status="PASS" start="2024-06-11T16:12:35.153318" elapsed="0.000000"/>
</kw>
<status status="PASS" start="2024-06-11T16:12:35.152979" elapsed="0.000339"/>
</test>
