<?xml version="1.0" encoding="UTF-8"?>
<robot generator="Robot 6.0.2 (Python 3.9.10 on win32)" generated="20230816 17:26:37.507" rpa="false" schemaversion="3">
<suite id="s1" name="New" source="C:\Users\eachhda\OneDrive - Ericsson\Desktop\p\PythonClass\new.robot">
<test id="s1-t1" name="Palindome" line="8">
<kw name="Reversenumber" library="Newfile">
<var>${result}</var>
<arg>${Input_Number}</arg>
<msg timestamp="20230816 17:26:37.551" level="INFO">${result} = 134</msg>
<status status="PASS" starttime="20230816 17:26:37.550" endtime="20230816 17:26:37.553"/>
</kw>
<kw name="Should Be Equal" library="BuiltIn">
<arg>${result}</arg>
<arg>${Input_Number}</arg>
<arg>msg="Number is nor palindrome Number"</arg>
<doc>Fails if the given objects are unequal.</doc>
<msg timestamp="20230816 17:26:37.554" level="FAIL">"Number is nor palindrome Number": 134 != 431</msg>
<status status="FAIL" starttime="20230816 17:26:37.553" endtime="20230816 17:26:37.554"/>
</kw>
<status status="FAIL" starttime="20230816 17:26:37.549" endtime="20230816 17:26:37.554">"Number is nor palindrome Number": 134 != 431</status>
</test>
<status status="FAIL" starttime="20230816 17:26:37.512" endtime="20230816 17:26:37.555"/>
</suite>
<statistics>
<total>
<stat pass="0" fail="1" skip="0">All Tests</stat>
</total>
<tag>
</tag>
<suite>
<stat pass="0" fail="1" skip="0" id="s1" name="New">New</stat>
</suite>
</statistics>
<errors>
</errors>
</robot>
