<?xml version="1.0" encoding="UTF-8"?>
<robot generator="Robot 7.0 (Python 3.9.13 on win32)" generated="2024-06-04T22:11:33.199229" rpa="false" schemaversion="5">
<suite id="s1" name="Basicfile" source="C:\mydocuments\PythonClass\RobotFramework\Basicfile.robot">
<test id="s1-t1" name="Testcase1" line="16">
<kw name="Log To Console" owner="BuiltIn">
<arg>I am dharma</arg>
<doc>Logs the given message to the console.</doc>
<status status="PASS" start="2024-06-04T22:11:33.241228" elapsed="0.000000"/>
</kw>
<status status="PASS" start="2024-06-04T22:11:33.240228" elapsed="0.002000"/>
</test>
<doc>Example test cases using the data-driven testing approach.

The _data-driven_ style works well when you need to repeat
the same workflow multiple times.

Tests use ``Calculate`` keyword created in this file, that in
turn uses keywords in ``CalculatorLibrary.py``. An exception
is the last test that has a custom _template keyword_.

Notice that one of these tests fails on purpose to show how
failures look like.</doc>
<status status="PASS" start="2024-06-04T22:11:33.203230" elapsed="0.038998"/>
</suite>
<statistics>
<total>
<stat pass="1" fail="0" skip="0">All Tests</stat>
</total>
<tag>
</tag>
<suite>
<stat pass="1" fail="0" skip="0" id="s1" name="Basicfile">Basicfile</stat>
</suite>
</statistics>
<errors>
</errors>
</robot>
