<?xml version="1.0" encoding="UTF-8"?>
<robot generator="Robot 4.0.3 (Python 3.8.6 on win32)" generated="20210617 11:50:19.281" rpa="false" schemaversion="2">
<suite id="s1" name="Should Match Regexp" source="C:\Users\dhchaluv\robot\Robot\results\Should Match Regexp.robot">
<test id="s1-t1" name="RegularExpression">
<for flavor="IN">
<var>${attemp}</var>
<value>@{mxrecord}</value>
<iter>
<var name="${attemp}">mx1.hc3-25.auto-dev1.nap5.ironport.com</var>
<kw name="Log To Console" library="BuiltIn">
<arg>${attemp}</arg>
<doc>Logs the given message to the console.</doc>
<status status="PASS" starttime="20210617 11:50:19.303" endtime="20210617 11:50:19.304"/>
</kw>
<kw name="Should Match Regexp" library="BuiltIn">
<arg>${attemp}</arg>
<arg>[[a-z]]*[1-2]</arg>
<doc>Fails if ``string`` does not match ``pattern`` as a regular expression.</doc>
<msg timestamp="20210617 11:50:19.305" level="INFO">c:\users\dhchaluv\robot\venv\lib\site-packages\robot\libraries\BuiltIn.py:1284: FutureWarning: Possible nested set at position 1
  res = re.search(pattern, string)</msg>
<status status="PASS" starttime="20210617 11:50:19.304" endtime="20210617 11:50:19.305"/>
</kw>
<status status="PASS" starttime="20210617 11:50:19.303" endtime="20210617 11:50:19.305"/>
</iter>
<iter>
<var name="${attemp}">mx2.hc3-25.auto-dev1.nap5.ironport.com</var>
<kw name="Log To Console" library="BuiltIn">
<arg>${attemp}</arg>
<doc>Logs the given message to the console.</doc>
<status status="PASS" starttime="20210617 11:50:19.305" endtime="20210617 11:50:19.305"/>
</kw>
<kw name="Should Match Regexp" library="BuiltIn">
<arg>${attemp}</arg>
<arg>[[a-z]]*[1-2]</arg>
<doc>Fails if ``string`` does not match ``pattern`` as a regular expression.</doc>
<status status="PASS" starttime="20210617 11:50:19.305" endtime="20210617 11:50:19.306"/>
</kw>
<status status="PASS" starttime="20210617 11:50:19.305" endtime="20210617 11:50:19.306"/>
</iter>
<iter>
<var name="${attemp}">obj1.hc3-25.auto-dev1.nap5.ironport.com</var>
<kw name="Log To Console" library="BuiltIn">
<arg>${attemp}</arg>
<doc>Logs the given message to the console.</doc>
<status status="PASS" starttime="20210617 11:50:19.306" endtime="20210617 11:50:19.306"/>
</kw>
<kw name="Should Match Regexp" library="BuiltIn">
<arg>${attemp}</arg>
<arg>[[a-z]]*[1-2]</arg>
<doc>Fails if ``string`` does not match ``pattern`` as a regular expression.</doc>
<status status="PASS" starttime="20210617 11:50:19.306" endtime="20210617 11:50:19.306"/>
</kw>
<status status="PASS" starttime="20210617 11:50:19.306" endtime="20210617 11:50:19.306"/>
</iter>
<status status="PASS" starttime="20210617 11:50:19.303" endtime="20210617 11:50:19.306"/>
</for>
<status status="PASS" starttime="20210617 11:50:19.302" endtime="20210617 11:50:19.307"/>
</test>
<status status="PASS" starttime="20210617 11:50:19.282" endtime="20210617 11:50:19.308"/>
</suite>
<statistics>
<total>
<stat pass="1" fail="0" skip="0">All Tests</stat>
</total>
<tag>
</tag>
<suite>
<stat pass="1" fail="0" skip="0" id="s1" name="Should Match Regexp">Should Match Regexp</stat>
</suite>
</statistics>
<errors>
</errors>
</robot>
