<?xml version="1.0" encoding="UTF-8"?>
<robot generator="Robot 3.1.2 (Python 3.8.6 on win32)" generated="20210515 12:49:27.910" rpa="false">
<suite id="s1" name="LoginTest" source="C:\Users\dhchaluv\Learning\RobotLearning\Tests\LoginTest.robot">
<test id="s1-t1" name="LoginTest">
<kw name="Open Browser" library="SeleniumLibrary">
<doc>Opens a new browser instance to the given ``url``.</doc>
<arguments>
<arg>${URL}</arg>
<arg>${browser}</arg>
</arguments>
<msg timestamp="20210515 12:49:28.063" level="INFO">Opening browser 'chrome' to base url 'https://demo.nopcommerce.com/'.</msg>
<status status="PASS" starttime="20210515 12:49:28.063" endtime="20210515 12:49:31.773"></status>
</kw>
<kw name="Click Link" library="SeleniumLibrary">
<doc>Clicks a link identified by ``locator``.</doc>
<arguments>
<arg>xpath:/html/body/div[6]/div[1]/div[1]/div[2]/div[1]/ul/li[2]/a</arg>
</arguments>
<msg timestamp="20210515 12:49:31.774" level="INFO">Clicking link 'xpath:/html/body/div[6]/div[1]/div[1]/div[2]/div[1]/ul/li[2]/a'.</msg>
<status status="PASS" starttime="20210515 12:49:31.773" endtime="20210515 12:49:33.472"></status>
</kw>
<kw name="Input Text" library="SeleniumLibrary">
<doc>Types the given ``text`` into text field identified by ``locator``.</doc>
<arguments>
<arg>id:Email</arg>
<arg>chdharma412@gmail.com</arg>
</arguments>
<msg timestamp="20210515 12:49:33.472" level="INFO">Typing text 'chdharma412@gmail.com' into text field 'id:Email'.</msg>
<status status="PASS" starttime="20210515 12:49:33.472" endtime="20210515 12:49:33.532"></status>
</kw>
<kw name="Input Text" library="SeleniumLibrary">
<doc>Types the given ``text`` into text field identified by ``locator``.</doc>
<arguments>
<arg>id:Password</arg>
<arg>Ustglobal@412</arg>
</arguments>
<msg timestamp="20210515 12:49:33.532" level="INFO">Typing text 'Ustglobal@412' into text field 'id:Password'.</msg>
<status status="PASS" starttime="20210515 12:49:33.532" endtime="20210515 12:49:33.594"></status>
</kw>
<kw name="Click Element" library="SeleniumLibrary">
<doc>Click element identified by ``locator``.</doc>
<arguments>
<arg>xpath://button[contains(text(),'Log in')]</arg>
</arguments>
<msg timestamp="20210515 12:49:33.594" level="INFO">Clicking element 'xpath://button[contains(text(),'Log in')]'.</msg>
<status status="PASS" starttime="20210515 12:49:33.594" endtime="20210515 12:49:33.623"></status>
</kw>
<doc>Login Test</doc>
<tags>
<tag>regression</tag>
</tags>
<status status="PASS" starttime="20210515 12:49:28.062" endtime="20210515 12:49:33.623" critical="yes"></status>
</test>
<status status="PASS" starttime="20210515 12:49:27.912" endtime="20210515 12:49:33.624"></status>
</suite>
<statistics>
<total>
<stat pass="1" fail="0">Critical Tests</stat>
<stat pass="1" fail="0">All Tests</stat>
</total>
<tag>
<stat pass="1" fail="0">regression</stat>
</tag>
<suite>
<stat pass="1" fail="0" id="s1" name="LoginTest">LoginTest</stat>
</suite>
</statistics>
<errors>
</errors>
</robot>
