<?xml version="1.0" encoding="UTF-8"?>
<robot generator="Robot 4.1.3 (Python 3.10.2 on win32)" generated="20220316 10:50:28.939" rpa="false" schemaversion="2">
<suite id="s1" name="Element To String" source="D:\Robot\Standard\XML\Element To String.robot">
<test id="s1-t1" name="Test Element To String">
<kw name="Element To String" library="XML">
<var>${value}</var>
<arg>output1.xml</arg>
<arg>.//first</arg>
<doc>Returns the string representation of the specified element.</doc>
<msg timestamp="20220316 10:50:28.970" level="INFO">${value} = &lt;first id="1"&gt;text&lt;/first&gt;</msg>
<status status="PASS" starttime="20220316 10:50:28.970" endtime="20220316 10:50:28.970"/>
</kw>
<kw name="Log To Console" library="BuiltIn">
<arg>${value}</arg>
<doc>Logs the given message to the console.</doc>
<status status="PASS" starttime="20220316 10:50:28.970" endtime="20220316 10:50:28.986"/>
</kw>
<status status="PASS" starttime="20220316 10:50:28.970" endtime="20220316 10:50:28.986"/>
</test>
<status status="PASS" starttime="20220316 10:50:28.939" endtime="20220316 10:50:28.986"/>
</suite>
<statistics>
<total>
<stat pass="1" fail="0" skip="0">All Tests</stat>
</total>
<tag>
</tag>
<suite>
<stat pass="1" fail="0" skip="0" id="s1" name="Element To String">Element To String</stat>
</suite>
</statistics>
<errors>
</errors>
</robot>
