<?xml version="1.0" encoding="UTF-8"?>
<robot generator="Robot 7.0 (Python 3.9.13 on win32)" generated="2024-06-10T22:16:28.309148" rpa="false" schemaversion="5">
<suite id="s1" name="Repo Testcases" source="C:\mydocuments\PythonClass\Project\Testcases\Repo_Testcases.robot">
<kw name="GithubKeywords.Session Creation" type="SETUP">
<msg time="2024-06-10T22:16:28.330656" level="FAIL">No keyword with name 'GithubKeywords.Session Creation' found.</msg>
<status status="FAIL" start="2024-06-10T22:16:28.330656" elapsed="0.000000">No keyword with name 'GithubKeywords.Session Creation' found.</status>
</kw>
<test id="s1-t1" name="FetchAllRepos" line="10">
<status status="FAIL" start="2024-06-10T22:16:28.330656" elapsed="0.000000">Parent suite setup failed:
No keyword with name 'GithubKeywords.Session Creation' found.</status>
</test>
<status status="FAIL" start="2024-06-10T22:16:28.311147" elapsed="0.020509">Suite setup failed:
No keyword with name 'GithubKeywords.Session Creation' found.</status>
</suite>
<statistics>
<total>
<stat pass="0" fail="1" skip="0">All Tests</stat>
</total>
<tag>
</tag>
<suite>
<stat pass="0" fail="1" skip="0" id="s1" name="Repo Testcases">Repo Testcases</stat>
</suite>
</statistics>
<errors>
<msg time="2024-06-10T22:16:28.328662" level="ERROR">Error in file 'C:\mydocuments\PythonClass\Project\Testcases\Repo_Testcases.robot' on line 2: Resource file 'Keywords\GithubKeywords.robot' does not exist.</msg>
</errors>
</robot>
