<?xml version="1.0" encoding="UTF-8"?>
<robot generator="Robot 3.1.2 (Python 3.8.6 on win32)" generated="20210407 20:54:30.315" rpa="false">
<suite id="s1" name="Regression" source="C:\Users\dhchaluv\PycharmProjects\pythonProject\tests\regression.robot">
<test id="s1-t1" name="Variable Demostration">
<kw name="Log" library="BuiltIn">
<doc>Logs the given message with the given level.</doc>
<arguments>
<arg>${var2}</arg>
</arguments>
<msg timestamp="20210407 20:54:30.337" level="INFO">thsi is second var</msg>
<status status="PASS" starttime="20210407 20:54:30.337" endtime="20210407 20:54:30.337"></status>
</kw>
<status status="PASS" starttime="20210407 20:54:30.336" endtime="20210407 20:54:30.337" critical="yes"></status>
</test>
<test id="s1-t2" name="Variable Demostarion2">
<kw name="Log" library="BuiltIn">
<doc>Logs the given message with the given level.</doc>
<arguments>
<arg>${vari1}</arg>
</arguments>
<msg timestamp="20210407 20:54:30.339" level="INFO">this is first Var</msg>
<status status="PASS" starttime="20210407 20:54:30.339" endtime="20210407 20:54:30.339"></status>
</kw>
<status status="PASS" starttime="20210407 20:54:30.338" endtime="20210407 20:54:30.339" critical="yes"></status>
</test>
<test id="s1-t3" name="Set variable in Tetscase">
<kw name="Set Variable" library="BuiltIn">
<doc>Returns the given values which can then be assigned to a variables.</doc>
<arguments>
<arg>this is calss varibale</arg>
</arguments>
<assign>
<var>${MyNewVar}</var>
</assign>
<msg timestamp="20210407 20:54:30.341" level="INFO">${MyNewVar} = this is calss varibale</msg>
<status status="PASS" starttime="20210407 20:54:30.340" endtime="20210407 20:54:30.341"></status>
</kw>
<kw name="Log" library="BuiltIn">
<doc>Logs the given message with the given level.</doc>
<arguments>
<arg>${MyNewVar}</arg>
</arguments>
<msg timestamp="20210407 20:54:30.341" level="INFO">this is calss varibale</msg>
<status status="PASS" starttime="20210407 20:54:30.341" endtime="20210407 20:54:30.341"></status>
</kw>
<status status="PASS" starttime="20210407 20:54:30.340" endtime="20210407 20:54:30.341" critical="yes"></status>
</test>
<test id="s1-t4" name="Display List Variables">
<kw name="Log" library="BuiltIn">
<doc>Logs the given message with the given level.</doc>
<arguments>
<arg>@{Listvar}[0]</arg>
</arguments>
<msg timestamp="20210407 20:54:30.343" level="INFO">teja</msg>
<status status="PASS" starttime="20210407 20:54:30.342" endtime="20210407 20:54:30.343"></status>
</kw>
<status status="PASS" starttime="20210407 20:54:30.342" endtime="20210407 20:54:30.343" critical="yes"></status>
</test>
<status status="PASS" starttime="20210407 20:54:30.316" endtime="20210407 20:54:30.344"></status>
</suite>
<statistics>
<total>
<stat pass="4" fail="0">Critical Tests</stat>
<stat pass="4" fail="0">All Tests</stat>
</total>
<tag>
</tag>
<suite>
<stat pass="4" fail="0" id="s1" name="Regression">Regression</stat>
</suite>
</statistics>
<errors>
<msg timestamp="20210407 20:54:30.335" level="ERROR">Error in file 'C:\Users\dhchaluv\PycharmProjects\pythonProject\tests\regression.robot': Library setting requires a name</msg>
</errors>
</robot>
