<?xml version="1.0" encoding="UTF-8"?>
<robot generator="Robot 4.0.3 (Python 3.8.6 on win32)" generated="20210602 20:01:47.998" rpa="false" schemaversion="2">
<suite id="s1" name="Arguments" source="C:\Users\dhchaluv\robot\Robot\Arguments.robot">
<test id="s1-t1" name="Arguments demo keyword1">
<kw name="Arguments demo keyword">
<arg>teja</arg>
<arg>dharma</arg>
<kw name="Log To Console" library="BuiltIn">
<arg>${arg1}</arg>
<doc>Logs the given message to the console.</doc>
<status status="PASS" starttime="20210602 20:01:48.019" endtime="20210602 20:01:48.020"/>
</kw>
<kw name="Log To Console" library="BuiltIn">
<arg>${arg2}</arg>
<doc>Logs the given message to the console.</doc>
<status status="PASS" starttime="20210602 20:01:48.020" endtime="20210602 20:01:48.020"/>
</kw>
<kw name="Log To Console" library="BuiltIn">
<arg>${true}</arg>
<doc>Logs the given message to the console.</doc>
<status status="PASS" starttime="20210602 20:01:48.020" endtime="20210602 20:01:48.021"/>
</kw>
<kw name="Log To Console" library="BuiltIn">
<arg>${false}</arg>
<doc>Logs the given message to the console.</doc>
<status status="PASS" starttime="20210602 20:01:48.021" endtime="20210602 20:01:48.021"/>
</kw>
<status status="PASS" starttime="20210602 20:01:48.019" endtime="20210602 20:01:48.021"/>
</kw>
<kw name="Arguments demo keyword">
<arg>teja1</arg>
<kw name="Log To Console" library="BuiltIn">
<arg>${arg1}</arg>
<doc>Logs the given message to the console.</doc>
<status status="PASS" starttime="20210602 20:01:48.022" endtime="20210602 20:01:48.022"/>
</kw>
<kw name="Log To Console" library="BuiltIn">
<arg>${arg2}</arg>
<doc>Logs the given message to the console.</doc>
<status status="PASS" starttime="20210602 20:01:48.023" endtime="20210602 20:01:48.023"/>
</kw>
<kw name="Log To Console" library="BuiltIn">
<arg>${true}</arg>
<doc>Logs the given message to the console.</doc>
<status status="PASS" starttime="20210602 20:01:48.023" endtime="20210602 20:01:48.023"/>
</kw>
<kw name="Log To Console" library="BuiltIn">
<arg>${false}</arg>
<doc>Logs the given message to the console.</doc>
<status status="PASS" starttime="20210602 20:01:48.023" endtime="20210602 20:01:48.023"/>
</kw>
<status status="PASS" starttime="20210602 20:01:48.022" endtime="20210602 20:01:48.024"/>
</kw>
<status status="PASS" starttime="20210602 20:01:48.019" endtime="20210602 20:01:48.024"/>
</test>
<status status="PASS" starttime="20210602 20:01:48.000" endtime="20210602 20:01:48.025"/>
</suite>
<statistics>
<total>
<stat pass="1" fail="0" skip="0">All Tests</stat>
</total>
<tag>
</tag>
<suite>
<stat pass="1" fail="0" skip="0" id="s1" name="Arguments">Arguments</stat>
</suite>
</statistics>
<errors>
</errors>
</robot>
