<?xml version="1.0" encoding="UTF-8"?>
<robot generator="Robot 7.0 (Python 3.9.13 on win32)" generated="2024-06-07T21:08:19.433737" rpa="false" schemaversion="5">
<suite id="s1" name="Basic" source="C:\mydocuments\PythonClass\RobotFramework\Basic.robot">
<test id="s1-t1" name="Testcase1" line="13">
<kw name="Run Keyword And Return" owner="BuiltIn">
<kw name="Keyword1">
<kw name="Log To Console" owner="BuiltIn">
<arg>This is python</arg>
<doc>Logs the given message to the console.</doc>
<status status="PASS" start="2024-06-07T21:08:19.454832" elapsed="0.000000"/>
</kw>
<status status="PASS" start="2024-06-07T21:08:19.454246" elapsed="0.000586"/>
</kw>
<msg time="2024-06-07T21:08:19.454832" level="INFO">Returning from the enclosing user keyword.</msg>
<var>${result1}</var>
<arg>Keyword1</arg>
<doc>Runs the specified keyword and returns from the enclosing user keyword.</doc>
<status status="PASS" start="2024-06-07T21:08:19.454246" elapsed="0.000586"/>
</kw>
<kw name="Log To Console" owner="BuiltIn">
<arg>${result1}</arg>
<doc>Logs the given message to the console.</doc>
<status status="NOT RUN" start="2024-06-07T21:08:19.455412" elapsed="0.000000"/>
</kw>
<status status="FAIL" start="2024-06-07T21:08:19.453692" elapsed="0.001720">Invalid 'RETURN' usage.</status>
</test>
<status status="FAIL" start="2024-06-07T21:08:19.436708" elapsed="0.019753"/>
</suite>
<statistics>
<total>
<stat pass="0" fail="1" skip="0">All Tests</stat>
</total>
<tag>
</tag>
<suite>
<stat pass="0" fail="1" skip="0" id="s1" name="Basic">Basic</stat>
</suite>
</statistics>
<errors>
</errors>
</robot>
