<?xml version="1.0" encoding="UTF-8"?>
<robot generator="Robot 7.0.1 (Python 3.9.13 on win32)" generated="2024-06-11T23:10:43.854708" rpa="false" schemaversion="5">
<suite id="s1" name="Repo Testcases" source="C:\mydocuments\PythonClass\Project\Testcases\Repo_Testcases.robot">
<kw name="GITHUB COMMON SETUP" owner="CommonAPI_Keywords" type="SETUP">
<kw name="Set Header For API User" owner="CommonAPI_Keywords">
<kw name="Create Dictionary" owner="BuiltIn">
<msg time="2024-06-11T23:10:43.951674" level="INFO">&amp;{HEADERS} = { Authorization=Bearer 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 }</msg>
<var>&amp;{HEADERS}</var>
<arg>Authorization=Bearer ${TOKEN}</arg>
<doc>Creates and returns a dictionary based on the given ``items``.</doc>
<status status="PASS" start="2024-06-11T23:10:43.951674" elapsed="0.000000"/>
</kw>
<kw name="Set Global Variable" owner="BuiltIn">
<msg time="2024-06-11T23:10:43.951674" level="INFO">${HEADERS} = {'Authorization': 'Bearer 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'}</msg>
<arg>${HEADERS}</arg>
<doc>Makes a variable available globally in all tests and suites.</doc>
<status status="PASS" start="2024-06-11T23:10:43.951674" elapsed="0.000000"/>
</kw>
<status status="PASS" start="2024-06-11T23:10:43.950711" elapsed="0.000963"/>
</kw>
<kw name="Create GIT_HUB Creation" owner="CommonAPI_Keywords">
<kw name="Create Session" owner="RequestsLibrary">
<msg time="2024-06-11T23:10:43.952714" level="INFO">Creating Session using : alias=endpoint, url=https://api.github.com, headers={},                     cookies={}, auth=None, timeout=None, proxies=None, verify=False,                     debug=0 </msg>
<arg>endpoint</arg>
<arg>${INPUT_URL}</arg>
<doc>Create Session: create a HTTP session to a server</doc>
<status status="PASS" start="2024-06-11T23:10:43.952714" elapsed="0.000000"/>
</kw>
<status status="PASS" start="2024-06-11T23:10:43.951674" elapsed="0.001040"/>
</kw>
<status status="PASS" start="2024-06-11T23:10:43.950711" elapsed="0.002003"/>
</kw>
<test id="s1-t1" name="FetchAllRepos" line="9">
<kw name="FetchRepoDetails" owner="RepoKeyords">
<kw name="GET On Session" owner="RequestsLibrary">
<msg time="2024-06-11T23:10:44.606327" level="INFO">GET Request : url=https://api.github.com/users/dharma412/repos 
 path_url=/users/dharma412/repos 
 headers={'User-Agent': 'python-requests/2.32.3', 'Accept-Encoding': 'gzip, deflate', 'Accept': '*/*', 'Connection': 'keep-alive'} 
 body=None 
 </msg>
<msg time="2024-06-11T23:10:44.606327" level="INFO">GET Response : url=https://api.github.com/users/dharma412/repos 
 status=200, reason=OK 
 headers={'Server': 'GitHub.com', 'Date': 'Tue, 11 Jun 2024 17:40:44 GMT', 'Content-Type': 'application/json; charset=utf-8', 'Cache-Control': 'public, max-age=60, s-maxage=60', 'Vary': 'Accept, Accept-Encoding, Accept, X-Requested-With', 'ETag': 'W/"c5cddc73b6db06b97322316ee2883b3c9339525e6337bb39229c1a3b93f32533"', 'X-GitHub-Media-Type': 'github.v3; format=json', 'x-github-api-version-selected': '2022-11-28', 'Access-Control-Expose-Headers': 'ETag, Link, Location, Retry-After, X-GitHub-OTP, X-RateLimit-Limit, X-RateLimit-Remaining, X-RateLimit-Used, X-RateLimit-Resource, X-RateLimit-Reset, X-OAuth-Scopes, X-Accepted-OAuth-Scopes, X-Poll-Interval, X-GitHub-Media-Type, X-GitHub-SSO, X-GitHub-Request-Id, Deprecation, Sunset', 'Access-Control-Allow-Origin': '*', 'Strict-Transport-Security': 'max-age=31536000; includeSubdomains; preload', 'X-Frame-Options': 'deny', 'X-Content-Type-Options': 'nosniff', 'X-XSS-Protection': '0', 'Referrer-Policy': 'origin-when-cross-origin, strict-origin-when-cross-origin', 'Content-Security-Policy': "default-src 'none'", 'Content-Encoding': 'gzip', 'X-RateLimit-Limit': '60', 'X-RateLimit-Remaining': '55', 'X-RateLimit-Reset': '1718130573', 'X-RateLimit-Resource': 'core', 'X-RateLimit-Used': '5', 'Accept-Ranges': 'bytes', 'Content-Length': '2759', 'X-GitHub-Request-Id': '226E:14C3EA:29966D:31A365:66688C1C'} 
 body=[{"id":196515880,"node_id":"MDEwOlJlcG9zaXRvcnkxOTY1MTU4ODA=","name":"bachhuProject","full_name":"dharma412/bachhuProject","private":false,"owner":{"login":"dharma412","id":52806690,"node_id":"MDQ6VXNlcjUyODA2Njkw","avatar_url":"https://avatars.githubusercontent.com/u/52806690?v=4","gravatar_id":"","url":"https://api.github.com/users/dharma412","html_url":"https://github.com/dharma412","followers_url":"https://api.github.com/users/dharma412/followers","following_url":"https://api.github.com/users/dharma412/following{/other_user}","gists_url":"https://api.github.com/users/dharma412/gists{/gist_id}","starred_url":"https://api.github.com/users/dharma412/starred{/owner}{/repo}","subscriptions_url":"https://api.github.com/users/dharma412/subscriptions","organizations_url":"https://api.github.com/users/dharma412/orgs","repos_url":"https://api.github.com/users/dharma412/repos","events_url":"https://api.github.com/users/dharma412/events{/privacy}","received_events_url":"https://api.github.com/users/dharma412/received_events","type":"User","site_admin":false},"html_url":"https://github.com/dharma412/bachhuProject","description":null,"fork":false,"url":"https://api.github.com/repos/dharma412/bachhuProject","forks_url":"https://api.github.com/repos/dharma412/bachhuProject/forks","keys_url":"https://api.github.com/repos/dharma412/bachhuProject/keys{/key_id}","collaborators_url":"https://api.github.com/repos/dharma412/bachhuProject/collaborators{/collaborator}","teams_url":"https://api.github.com/repos/dharma412/bachhuProject/teams","hooks_url":"https://api.github.com/repos/dharma412/bachhuProject/hooks","issue_events_url":"https://api.github.com/repos/dharma412/bachhuProject/issues/events{/number}","events_url":"https://api.github.com/repos/dharma412/bachhuProject/events","assignees_url":"https://api.github.com/repos/dharma412/bachhuProject/assignees{/user}","branches_url":"https://api.github.com/repos/dharma412/bachhuProject/branches{/branch}","tags_url":"https://api.github.com/repos/dharma412/bachhuProject/tags","blobs_url":"https://api.github.com/repos/dharma412/bachhuProject/git/blobs{/sha}","git_tags_url":"https://api.github.com/repos/dharma412/bachhuProject/git/tags{/sha}","git_refs_url":"https://api.github.com/repos/dharma412/bachhuProject/git/refs{/sha}","trees_url":"https://api.github.com/repos/dharma412/bachhuProject/git/trees{/sha}","statuses_url":"https://api.github.com/repos/dharma412/bachhuProject/statuses/{sha}","languages_url":"https://api.github.com/repos/dharma412/bachhuProject/languages","stargazers_url":"https://api.github.com/repos/dharma412/bachhuProject/stargazers","contributors_url":"https://api.github.com/repos/dharma412/bachhuProject/contributors","subscribers_url":"https://api.github.com/repos/dharma412/bachhuProject/subscribers","subscription_url":"https://api.github.com/repos/dharma412/bachhuProject/subscription","commits_url":"https://api.github.com/repos/dharma412/bachhuProject/commits{/sha}","git_commits_url":"https://api.github.com/repos/dharma412/bachhuProject/git/commits{/sha}","comments_url":"https://api.github.com/repos/dharma412/bachhuProject/comments{/number}","issue_comment_url":"https://api.github.com/repos/dharma412/bachhuProject/issues/comments{/number}","contents_url":"https://api.github.com/repos/dharma412/bachhuProject/contents/{+path}","compare_url":"https://api.github.com/repos/dharma412/bachhuProject/compare/{base}...{head}","merges_url":"https://api.github.com/repos/dharma412/bachhuProject/merges","archive_url":"https://api.github.com/repos/dharma412/bachhuProject/{archive_format}{/ref}","downloads_url":"https://api.github.com/repos/dharma412/bachhuProject/downloads","issues_url":"https://api.github.com/repos/dharma412/bachhuProject/issues{/number}","pulls_url":"https://api.github.com/repos/dharma412/bachhuProject/pulls{/number}","milestones_url":"https://api.github.com/repos/dharma412/bachhuProject/milestones{/number}","notifications_url":"https://api.github.com/repos/dharma412/bachhuProject/notifications{?since,all,participating}","labels_url":"https://api.github.com/repos/dharma412/bachhuProject/labels{/name}","releases_url":"https://api.github.com/repos/dharma412/bachhuProject/releases{/id}","deployments_url":"https://api.github.com/repos/dharma412/bachhuProject/deployments","created_at":"2019-07-12T05:44:37Z","updated_at":"2019-07-12T05:55:13Z","pushed_at":"2019-07-12T05:55:11Z","git_url":"git://github.com/dharma412/bachhuProject.git","ssh_url":"git@github.com:dharma412/bachhuProject.git","clone_url":"https://github.com/dharma412/bachhuProject.git","svn_url":"https://github.com/dharma412/bachhuProject","homepage":null,"size":17969,"stargazers_count":0,"watchers_count":0,"language":"Python","has_issues":true,"has_projects":true,"has_downloads":true,"has_wiki":true,"has_pages":false,"has_discussions":false,"forks_count":0,"mirror_url":null,"archived":false,"disabled":false,"open_issues_count":0,"license":null,"allow_forking":true,"is_template":false,"web_commit_signoff_required":false,"topics":[],"visibility":"public","forks":0,"open_issues":0,"watchers":0,"default_branch":"master"},{"id":764986040,"node_id":"R_kgDOLZjCuA","name":"githubActions","full_name":"dharma412/githubActions","private":false,"owner":{"login":"dharma412","id":52806690,"node_id":"MDQ6VXNlcjUyODA2Njkw","avatar_url":"https://avatars.githubusercontent.com/u/52806690?v=4","gravatar_id":"","url":"https://api.github.com/users/dharma412","html_url":"https://github.com/dharma412","followers_url":"https://api.github.com/users/dharma412/followers","following_url":"https://api.github.com/users/dharma412/following{/other_user}","gists_url":"https://api.github.com/users/dharma412/gists{/gist_id}","starred_url":"https://api.github.com/users/dharma412/starred{/owner}{/repo}","subscriptions_url":"https://api.github.com/users/dharma412/subscriptions","organizations_url":"https://api.github.com/users/dharma412/orgs","repos_url":"https://api.github.com/users/dharma412/repos","events_url":"https://api.github.com/users/dharma412/events{/privacy}","received_events_url":"https://api.github.com/users/dharma412/received_events","type":"User","site_admin":false},"html_url":"https://github.com/dharma412/githubActions","description":null,"fork":false,"url":"https://api.github.com/repos/dharma412/githubActions","forks_url":"https://api.github.com/repos/dharma412/githubActions/forks","keys_url":"https://api.github.com/repos/dharma412/githubActions/keys{/key_id}","collaborators_url":"https://api.github.com/repos/dharma412/githubActions/collaborators{/collaborator}","teams_url":"https://api.github.com/repos/dharma412/githubActions/teams","hooks_url":"https://api.github.com/repos/dharma412/githubActions/hooks","issue_events_url":"https://api.github.com/repos/dharma412/githubActions/issues/events{/number}","events_url":"https://api.github.com/repos/dharma412/githubActions/events","assignees_url":"https://api.github.com/repos/dharma412/githubActions/assignees{/user}","branches_url":"https://api.github.com/repos/dharma412/githubActions/branches{/branch}","tags_url":"https://api.github.com/repos/dharma412/githubActions/tags","blobs_url":"https://api.github.com/repos/dharma412/githubActions/git/blobs{/sha}","git_tags_url":"https://api.github.com/repos/dharma412/githubActions/git/tags{/sha}","git_refs_url":"https://api.github.com/repos/dharma412/githubActions/git/refs{/sha}","trees_url":"https://api.github.com/repos/dharma412/githubActions/git/trees{/sha}","statuses_url":"https://api.github.com/repos/dharma412/githubActions/statuses/{sha}","languages_url":"https://api.github.com/repos/dharma412/githubActions/languages","stargazers_url":"https://api.github.com/repos/dharma412/githubActions/stargazers","contributors_url":"https://api.github.com/repos/dharma412/githubActions/contributors","subscribers_url":"https://api.github.com/repos/dharma412/githubActions/subscribers","subscription_url":"https://api.github.com/repos/dharma412/githubActions/subscription","commits_url":"https://api.github.com/repos/dharma412/githubActions/commits{/sha}","git_commits_url":"https://api.github.com/repos/dharma412/githubActions/git/commits{/sha}","comments_url":"https://api.github.com/repos/dharma412/githubActions/comments{/number}","issue_comment_url":"https://api.github.com/repos/dharma412/githubActions/issues/comments{/number}","contents_url":"https://api.github.com/repos/dharma412/githubActions/contents/{+path}","compare_url":"https://api.github.com/repos/dharma412/githubActions/compare/{base}...{head}","merges_url":"https://api.github.com/repos/dharma412/githubActions/merges","archive_url":"https://api.github.com/repos/dharma412/githubActions/{archive_format}{/ref}","downloads_url":"https://api.github.com/repos/dharma412/githubActions/downloads","issues_url":"https://api.github.com/repos/dharma412/githubActions/issues{/number}","pulls_url":"https://api.github.com/repos/dharma412/githubActions/pulls{/number}","milestones_url":"https://api.github.com/repos/dharma412/githubActions/milestones{/number}","notifications_url":"https://api.github.com/repos/dharma412/githubActions/notifications{?since,all,participating}","labels_url":"https://api.github.com/repos/dharma412/githubActions/labels{/name}","releases_url":"https://api.github.com/repos/dharma412/githubActions/releases{/id}","deployments_url":"https://api.github.com/repos/dharma412/githubActions/deployments","created_at":"2024-02-29T04:15:32Z","updated_at":"2024-02-29T06:16:41Z","pushed_at":"2024-04-02T17:34:17Z","git_url":"git://github.com/dharma412/githubActions.git","ssh_url":"git@github.com:dharma412/githubActions.git","clone_url":"https://github.com/dharma412/githubActions.git","svn_url":"https://github.com/dharma412/githubActions","homepage":null,"size":25,"stargazers_count":0,"watchers_count":0,"language":"Python","has_issues":true,"has_projects":true,"has_downloads":true,"has_wiki":true,"has_pages":false,"has_discussions":false,"forks_count":0,"mirror_url":null,"archived":false,"disabled":false,... (set the log level to DEBUG or TRACE to see the full content) 
 </msg>
<msg time="2024-06-11T23:10:44.608319" level="INFO">C:\Users\cteja\AppData\Local\Programs\Python\Python39\lib\site-packages\urllib3\connectionpool.py:1103: InsecureRequestWarning: Unverified HTTPS request is being made to host 'api.github.com'. Adding certificate verification is strongly advised. See: https://urllib3.readthedocs.io/en/latest/advanced-usage.html#tls-warnings
  warnings.warn(</msg>
<msg time="2024-06-11T23:10:44.608319" level="INFO">${fetch_resp} = &lt;Response [200]&gt;</msg>
<var>${fetch_resp}</var>
<arg>endpoint</arg>
<arg>url=${FetchRepo}</arg>
<doc>Sends a GET request on a previously created HTTP Session.</doc>
<status status="PASS" start="2024-06-11T23:10:43.952714" elapsed="0.656523"/>
</kw>
<kw name="Should Be Equal As Integers" owner="BuiltIn">
<msg time="2024-06-11T23:10:44.610311" level="INFO">Argument types are:
&lt;class 'int'&gt;
&lt;class 'str'&gt;</msg>
<arg>${fetch_resp.status_code}</arg>
<arg>200</arg>
<doc>Fails if objects are unequal after converting them to integers.</doc>
<status status="PASS" start="2024-06-11T23:10:44.609237" elapsed="0.001074"/>
</kw>
<kw name="Set Variable" owner="BuiltIn">
<msg time="2024-06-11T23:10:44.612320" level="INFO">${fetch_resp} = [{'id': 196515880, 'node_id': 'MDEwOlJlcG9zaXRvcnkxOTY1MTU4ODA=', 'name': 'bachhuProject', 'full_name': 'dharma412/bachhuProject', 'private': False, 'owner': {'login': 'dharma412', 'id': 52806690, 'no...</msg>
<var>${fetch_resp}</var>
<arg>${fetch_resp.json()}</arg>
<doc>Returns the given values which can then be assigned to a variables.</doc>
<status status="PASS" start="2024-06-11T23:10:44.610311" elapsed="0.002009"/>
</kw>
<return>
<value>${fetch_resp}</value>
<status status="PASS" start="2024-06-11T23:10:44.613205" elapsed="0.000000"/>
</return>
<msg time="2024-06-11T23:10:44.614243" level="INFO">${resp} = [{'id': 196515880, 'node_id': 'MDEwOlJlcG9zaXRvcnkxOTY1MTU4ODA=', 'name': 'bachhuProject', 'full_name': 'dharma412/bachhuProject', 'private': False, 'owner': {'login': 'dharma412', 'id': 52806690, 'no...</msg>
<var>${resp}</var>
<tag>Repo</tag>
<status status="PASS" start="2024-06-11T23:10:43.952714" elapsed="0.661529"/>
</kw>
<kw name="Log" owner="BuiltIn">
<msg time="2024-06-11T23:10:44.615247" level="INFO">[{'id': 196515880, 'node_id': 'MDEwOlJlcG9zaXRvcnkxOTY1MTU4ODA=', 'name': 'bachhuProject', 'full_name': 'dharma412/bachhuProject', 'private': False, 'owner': {'login': 'dharma412', 'id': 52806690, 'node_id': 'MDQ6VXNlcjUyODA2Njkw', 'avatar_url': 'https://avatars.githubusercontent.com/u/52806690?v=4', 'gravatar_id': '', 'url': 'https://api.github.com/users/dharma412', 'html_url': 'https://github.com/dharma412', 'followers_url': 'https://api.github.com/users/dharma412/followers', 'following_url': 'https://api.github.com/users/dharma412/following{/other_user}', 'gists_url': 'https://api.github.com/users/dharma412/gists{/gist_id}', 'starred_url': 'https://api.github.com/users/dharma412/starred{/owner}{/repo}', 'subscriptions_url': 'https://api.github.com/users/dharma412/subscriptions', 'organizations_url': 'https://api.github.com/users/dharma412/orgs', 'repos_url': 'https://api.github.com/users/dharma412/repos', 'events_url': 'https://api.github.com/users/dharma412/events{/privacy}', 'received_events_url': 'https://api.github.com/users/dharma412/received_events', 'type': 'User', 'site_admin': False}, 'html_url': 'https://github.com/dharma412/bachhuProject', 'description': None, 'fork': False, 'url': 'https://api.github.com/repos/dharma412/bachhuProject', 'forks_url': 'https://api.github.com/repos/dharma412/bachhuProject/forks', 'keys_url': 'https://api.github.com/repos/dharma412/bachhuProject/keys{/key_id}', 'collaborators_url': 'https://api.github.com/repos/dharma412/bachhuProject/collaborators{/collaborator}', 'teams_url': 'https://api.github.com/repos/dharma412/bachhuProject/teams', 'hooks_url': 'https://api.github.com/repos/dharma412/bachhuProject/hooks', 'issue_events_url': 'https://api.github.com/repos/dharma412/bachhuProject/issues/events{/number}', 'events_url': 'https://api.github.com/repos/dharma412/bachhuProject/events', 'assignees_url': 'https://api.github.com/repos/dharma412/bachhuProject/assignees{/user}', 'branches_url': 'https://api.github.com/repos/dharma412/bachhuProject/branches{/branch}', 'tags_url': 'https://api.github.com/repos/dharma412/bachhuProject/tags', 'blobs_url': 'https://api.github.com/repos/dharma412/bachhuProject/git/blobs{/sha}', 'git_tags_url': 'https://api.github.com/repos/dharma412/bachhuProject/git/tags{/sha}', 'git_refs_url': 'https://api.github.com/repos/dharma412/bachhuProject/git/refs{/sha}', 'trees_url': 'https://api.github.com/repos/dharma412/bachhuProject/git/trees{/sha}', 'statuses_url': 'https://api.github.com/repos/dharma412/bachhuProject/statuses/{sha}', 'languages_url': 'https://api.github.com/repos/dharma412/bachhuProject/languages', 'stargazers_url': 'https://api.github.com/repos/dharma412/bachhuProject/stargazers', 'contributors_url': 'https://api.github.com/repos/dharma412/bachhuProject/contributors', 'subscribers_url': 'https://api.github.com/repos/dharma412/bachhuProject/subscribers', 'subscription_url': 'https://api.github.com/repos/dharma412/bachhuProject/subscription', 'commits_url': 'https://api.github.com/repos/dharma412/bachhuProject/commits{/sha}', 'git_commits_url': 'https://api.github.com/repos/dharma412/bachhuProject/git/commits{/sha}', 'comments_url': 'https://api.github.com/repos/dharma412/bachhuProject/comments{/number}', 'issue_comment_url': 'https://api.github.com/repos/dharma412/bachhuProject/issues/comments{/number}', 'contents_url': 'https://api.github.com/repos/dharma412/bachhuProject/contents/{+path}', 'compare_url': 'https://api.github.com/repos/dharma412/bachhuProject/compare/{base}...{head}', 'merges_url': 'https://api.github.com/repos/dharma412/bachhuProject/merges', 'archive_url': 'https://api.github.com/repos/dharma412/bachhuProject/{archive_format}{/ref}', 'downloads_url': 'https://api.github.com/repos/dharma412/bachhuProject/downloads', 'issues_url': 'https://api.github.com/repos/dharma412/bachhuProject/issues{/number}', 'pulls_url': 'https://api.github.com/repos/dharma412/bachhuProject/pulls{/number}', 'milestones_url': 'https://api.github.com/repos/dharma412/bachhuProject/milestones{/number}', 'notifications_url': 'https://api.github.com/repos/dharma412/bachhuProject/notifications{?since,all,participating}', 'labels_url': 'https://api.github.com/repos/dharma412/bachhuProject/labels{/name}', 'releases_url': 'https://api.github.com/repos/dharma412/bachhuProject/releases{/id}', 'deployments_url': 'https://api.github.com/repos/dharma412/bachhuProject/deployments', 'created_at': '2019-07-12T05:44:37Z', 'updated_at': '2019-07-12T05:55:13Z', 'pushed_at': '2019-07-12T05:55:11Z', 'git_url': 'git://github.com/dharma412/bachhuProject.git', 'ssh_url': 'git@github.com:dharma412/bachhuProject.git', 'clone_url': 'https://github.com/dharma412/bachhuProject.git', 'svn_url': 'https://github.com/dharma412/bachhuProject', 'homepage': None, 'size': 17969, 'stargazers_count': 0, 'watchers_count': 0, 'language': 'Python', 'has_issues': True, 'has_projects': True, 'has_downloads': True, 'has_wiki': True, 'has_pages': False, 'has_discussions': False, 'forks_count': 0, 'mirror_url': None, 'archived': False, 'disabled': False, 'open_issues_count': 0, 'license': None, 'allow_forking': True, 'is_template': False, 'web_commit_signoff_required': False, 'topics': [], 'visibility': 'public', 'forks': 0, 'open_issues': 0, 'watchers': 0, 'default_branch': 'master'}, {'id': 764986040, 'node_id': 'R_kgDOLZjCuA', 'name': 'githubActions', 'full_name': 'dharma412/githubActions', 'private': False, 'owner': {'login': 'dharma412', 'id': 52806690, 'node_id': 'MDQ6VXNlcjUyODA2Njkw', 'avatar_url': 'https://avatars.githubusercontent.com/u/52806690?v=4', 'gravatar_id': '', 'url': 'https://api.github.com/users/dharma412', 'html_url': 'https://github.com/dharma412', 'followers_url': 'https://api.github.com/users/dharma412/followers', 'following_url': 'https://api.github.com/users/dharma412/following{/other_user}', 'gists_url': 'https://api.github.com/users/dharma412/gists{/gist_id}', 'starred_url': 'https://api.github.com/users/dharma412/starred{/owner}{/repo}', 'subscriptions_url': 'https://api.github.com/users/dharma412/subscriptions', 'organizations_url': 'https://api.github.com/users/dharma412/orgs', 'repos_url': 'https://api.github.com/users/dharma412/repos', 'events_url': 'https://api.github.com/users/dharma412/events{/privacy}', 'received_events_url': 'https://api.github.com/users/dharma412/received_events', 'type': 'User', 'site_admin': False}, 'html_url': 'https://github.com/dharma412/githubActions', 'description': None, 'fork': False, 'url': 'https://api.github.com/repos/dharma412/githubActions', 'forks_url': 'https://api.github.com/repos/dharma412/githubActions/forks', 'keys_url': 'https://api.github.com/repos/dharma412/githubActions/keys{/key_id}', 'collaborators_url': 'https://api.github.com/repos/dharma412/githubActions/collaborators{/collaborator}', 'teams_url': 'https://api.github.com/repos/dharma412/githubActions/teams', 'hooks_url': 'https://api.github.com/repos/dharma412/githubActions/hooks', 'issue_events_url': 'https://api.github.com/repos/dharma412/githubActions/issues/events{/number}', 'events_url': 'https://api.github.com/repos/dharma412/githubActions/events', 'assignees_url': 'https://api.github.com/repos/dharma412/githubActions/assignees{/user}', 'branches_url': 'https://api.github.com/repos/dharma412/githubActions/branches{/branch}', 'tags_url': 'https://api.github.com/repos/dharma412/githubActions/tags', 'blobs_url': 'https://api.github.com/repos/dharma412/githubActions/git/blobs{/sha}', 'git_tags_url': 'https://api.github.com/repos/dharma412/githubActions/git/tags{/sha}', 'git_refs_url': 'https://api.github.com/repos/dharma412/githubActions/git/refs{/sha}', 'trees_url': 'https://api.github.com/repos/dharma412/githubActions/git/trees{/sha}', 'statuses_url': 'https://api.github.com/repos/dharma412/githubActions/statuses/{sha}', 'languages_url': 'https://api.github.com/repos/dharma412/githubActions/languages', 'stargazers_url': 'https://api.github.com/repos/dharma412/githubActions/stargazers', 'contributors_url': 'https://api.github.com/repos/dharma412/githubActions/contributors', 'subscribers_url': 'https://api.github.com/repos/dharma412/githubActions/subscribers', 'subscription_url': 'https://api.github.com/repos/dharma412/githubActions/subscription', 'commits_url': 'https://api.github.com/repos/dharma412/githubActions/commits{/sha}', 'git_commits_url': 'https://api.github.com/repos/dharma412/githubActions/git/commits{/sha}', 'comments_url': 'https://api.github.com/repos/dharma412/githubActions/comments{/number}', 'issue_comment_url': 'https://api.github.com/repos/dharma412/githubActions/issues/comments{/number}', 'contents_url': 'https://api.github.com/repos/dharma412/githubActions/contents/{+path}', 'compare_url': 'https://api.github.com/repos/dharma412/githubActions/compare/{base}...{head}', 'merges_url': 'https://api.github.com/repos/dharma412/githubActions/merges', 'archive_url': 'https://api.github.com/repos/dharma412/githubActions/{archive_format}{/ref}', 'downloads_url': 'https://api.github.com/repos/dharma412/githubActions/downloads', 'issues_url': 'https://api.github.com/repos/dharma412/githubActions/issues{/number}', 'pulls_url': 'https://api.github.com/repos/dharma412/githubActions/pulls{/number}', 'milestones_url': 'https://api.github.com/repos/dharma412/githubActions/milestones{/number}', 'notifications_url': 'https://api.github.com/repos/dharma412/githubActions/notifications{?since,all,participating}', 'labels_url': 'https://api.github.com/repos/dharma412/githubActions/labels{/name}', 'releases_url': 'https://api.github.com/repos/dharma412/githubActions/releases{/id}', 'deployments_url': 'https://api.github.com/repos/dharma412/githubActions/deployments', 'created_at': '2024-02-29T04:15:32Z', 'updated_at': '2024-02-29T06:16:41Z', 'pushed_at': '2024-04-02T17:34:17Z', 'git_url': 'git://github.com/dharma412/githubActions.git', 'ssh_url': 'git@github.com:dharma412/githubActions.git', 'clone_url': 'https://github.com/dharma412/githubActions.git', 'svn_url': 'https://github.com/dharma412/githubActions', 'homepage': None, 'size': 25, 'stargazers_count': 0, 'watchers_count': 0, 'language': 'Python', 'has_issues': True, 'has_projects': True, 'has_downloads': True, 'has_wiki': True, 'has_pages': False, 'has_discussions': False, 'forks_count': 0, 'mirror_url': None, 'archived': False, 'disabled': False, 'open_issues_count': 0, 'license': None, 'allow_forking': True, 'is_template': False, 'web_commit_signoff_required': False, 'topics': [], 'visibility': 'public', 'forks': 0, 'open_issues': 0, 'watchers': 0, 'default_branch': 'main'}, {'id': 813763776, 'node_id': 'R_kgDOMIEMwA', 'name': 'RepoName', 'full_name': 'dharma412/RepoName', 'private': False, 'owner': {'login': 'dharma412', 'id': 52806690, 'node_id': 'MDQ6VXNlcjUyODA2Njkw', 'avatar_url': 'https://avatars.githubusercontent.com/u/52806690?v=4', 'gravatar_id': '', 'url': 'https://api.github.com/users/dharma412', 'html_url': 'https://github.com/dharma412', 'followers_url': 'https://api.github.com/users/dharma412/followers', 'following_url': 'https://api.github.com/users/dharma412/following{/other_user}', 'gists_url': 'https://api.github.com/users/dharma412/gists{/gist_id}', 'starred_url': 'https://api.github.com/users/dharma412/starred{/owner}{/repo}', 'subscriptions_url': 'https://api.github.com/users/dharma412/subscriptions', 'organizations_url': 'https://api.github.com/users/dharma412/orgs', 'repos_url': 'https://api.github.com/users/dharma412/repos', 'events_url': 'https://api.github.com/users/dharma412/events{/privacy}', 'received_events_url': 'https://api.github.com/users/dharma412/received_events', 'type': 'User', 'site_admin': False}, 'html_url': 'https://github.com/dharma412/RepoName', 'description': None, 'fork': False, 'url': 'https://api.github.com/repos/dharma412/RepoName', 'forks_url': 'https://api.github.com/repos/dharma412/RepoName/forks', 'keys_url': 'https://api.github.com/repos/dharma412/RepoName/keys{/key_id}', 'collaborators_url': 'https://api.github.com/repos/dharma412/RepoName/collaborators{/collaborator}', 'teams_url': 'https://api.github.com/repos/dharma412/RepoName/teams', 'hooks_url': 'https://api.github.com/repos/dharma412/RepoName/hooks', 'issue_events_url': 'https://api.github.com/repos/dharma412/RepoName/issues/events{/number}', 'events_url': 'https://api.github.com/repos/dharma412/RepoName/events', 'assignees_url': 'https://api.github.com/repos/dharma412/RepoName/assignees{/user}', 'branches_url': 'https://api.github.com/repos/dharma412/RepoName/branches{/branch}', 'tags_url': 'https://api.github.com/repos/dharma412/RepoName/tags', 'blobs_url': 'https://api.github.com/repos/dharma412/RepoName/git/blobs{/sha}', 'git_tags_url': 'https://api.github.com/repos/dharma412/RepoName/git/tags{/sha}', 'git_refs_url': 'https://api.github.com/repos/dharma412/RepoName/git/refs{/sha}', 'trees_url': 'https://api.github.com/repos/dharma412/RepoName/git/trees{/sha}', 'statuses_url': 'https://api.github.com/repos/dharma412/RepoName/statuses/{sha}', 'languages_url': 'https://api.github.com/repos/dharma412/RepoName/languages', 'stargazers_url': 'https://api.github.com/repos/dharma412/RepoName/stargazers', 'contributors_url': 'https://api.github.com/repos/dharma412/RepoName/contributors', 'subscribers_url': 'https://api.github.com/repos/dharma412/RepoName/subscribers', 'subscription_url': 'https://api.github.com/repos/dharma412/RepoName/subscription', 'commits_url': 'https://api.github.com/repos/dharma412/RepoName/commits{/sha}', 'git_commits_url': 'https://api.github.com/repos/dharma412/RepoName/git/commits{/sha}', 'comments_url': 'https://api.github.com/repos/dharma412/RepoName/comments{/number}', 'issue_comment_url': 'https://api.github.com/repos/dharma412/RepoName/issues/comments{/number}', 'contents_url': 'https://api.github.com/repos/dharma412/RepoName/contents/{+path}', 'compare_url': 'https://api.github.com/repos/dharma412/RepoName/compare/{base}...{head}', 'merges_url': 'https://api.github.com/repos/dharma412/RepoName/merges', 'archive_url': 'https://api.github.com/repos/dharma412/RepoName/{archive_format}{/ref}', 'downloads_url': 'https://api.github.com/repos/dharma412/RepoName/downloads', 'issues_url': 'https://api.github.com/repos/dharma412/RepoName/issues{/number}', 'pulls_url': 'https://api.github.com/repos/dharma412/RepoName/pulls{/number}', 'milestones_url': 'https://api.github.com/repos/dharma412/RepoName/milestones{/number}', 'notifications_url': 'https://api.github.com/repos/dharma412/RepoName/notifications{?since,all,participating}', 'labels_url': 'https://api.github.com/repos/dharma412/RepoName/labels{/name}', 'releases_url': 'https://api.github.com/repos/dharma412/RepoName/releases{/id}', 'deployments_url': 'https://api.github.com/repos/dharma412/RepoName/deployments', 'created_at': '2024-06-11T17:38:12Z', 'updated_at': '2024-06-11T17:38:12Z', 'pushed_at': '2024-06-11T17:38:12Z', 'git_url': 'git://github.com/dharma412/RepoName.git', 'ssh_url': 'git@github.com:dharma412/RepoName.git', 'clone_url': 'https://github.com/dharma412/RepoName.git', 'svn_url': 'https://github.com/dharma412/RepoName', 'homepage': None, 'size': 0, 'stargazers_count': 0, 'watchers_count': 0, 'language': None, 'has_issues': True, 'has_projects': True, 'has_downloads': True, 'has_wiki': True, 'has_pages': False, 'has_discussions': False, 'forks_count': 0, 'mirror_url': None, 'archived': False, 'disabled': False, 'open_issues_count': 0, 'license': None, 'allow_forking': True, 'is_template': False, 'web_commit_signoff_required': False, 'topics': [], 'visibility': 'public', 'forks': 0, 'open_issues': 0, 'watchers': 0, 'default_branch': 'main'}, {'id': 808701285, 'node_id': 'R_kgDOMDPNZQ', 'name': 'Test-Repo', 'full_name': 'dharma412/Test-Repo', 'private': False, 'owner': {'login': 'dharma412', 'id': 52806690, 'node_id': 'MDQ6VXNlcjUyODA2Njkw', 'avatar_url': 'https://avatars.githubusercontent.com/u/52806690?v=4', 'gravatar_id': '', 'url': 'https://api.github.com/users/dharma412', 'html_url': 'https://github.com/dharma412', 'followers_url': 'https://api.github.com/users/dharma412/followers', 'following_url': 'https://api.github.com/users/dharma412/following{/other_user}', 'gists_url': 'https://api.github.com/users/dharma412/gists{/gist_id}', 'starred_url': 'https://api.github.com/users/dharma412/starred{/owner}{/repo}', 'subscriptions_url': 'https://api.github.com/users/dharma412/subscriptions', 'organizations_url': 'https://api.github.com/users/dharma412/orgs', 'repos_url': 'https://api.github.com/users/dharma412/repos', 'events_url': 'https://api.github.com/users/dharma412/events{/privacy}', 'received_events_url': 'https://api.github.com/users/dharma412/received_events', 'type': 'User', 'site_admin': False}, 'html_url': 'https://github.com/dharma412/Test-Repo', 'description': None, 'fork': False, 'url': 'https://api.github.com/repos/dharma412/Test-Repo', 'forks_url': 'https://api.github.com/repos/dharma412/Test-Repo/forks', 'keys_url': 'https://api.github.com/repos/dharma412/Test-Repo/keys{/key_id}', 'collaborators_url': 'https://api.github.com/repos/dharma412/Test-Repo/collaborators{/collaborator}', 'teams_url': 'https://api.github.com/repos/dharma412/Test-Repo/teams', 'hooks_url': 'https://api.github.com/repos/dharma412/Test-Repo/hooks', 'issue_events_url': 'https://api.github.com/repos/dharma412/Test-Repo/issues/events{/number}', 'events_url': 'https://api.github.com/repos/dharma412/Test-Repo/events', 'assignees_url': 'https://api.github.com/repos/dharma412/Test-Repo/assignees{/user}', 'branches_url': 'https://api.github.com/repos/dharma412/Test-Repo/branches{/branch}', 'tags_url': 'https://api.github.com/repos/dharma412/Test-Repo/tags', 'blobs_url': 'https://api.github.com/repos/dharma412/Test-Repo/git/blobs{/sha}', 'git_tags_url': 'https://api.github.com/repos/dharma412/Test-Repo/git/tags{/sha}', 'git_refs_url': 'https://api.github.com/repos/dharma412/Test-Repo/git/refs{/sha}', 'trees_url': 'https://api.github.com/repos/dharma412/Test-Repo/git/trees{/sha}', 'statuses_url': 'https://api.github.com/repos/dharma412/Test-Repo/statuses/{sha}', 'languages_url': 'https://api.github.com/repos/dharma412/Test-Repo/languages', 'stargazers_url': 'https://api.github.com/repos/dharma412/Test-Repo/stargazers', 'contributors_url': 'https://api.github.com/repos/dharma412/Test-Repo/contributors', 'subscribers_url': 'https://api.github.com/repos/dharma412/Test-Repo/subscribers', 'subscription_url': 'https://api.github.com/repos/dharma412/Test-Repo/subscription', 'commits_url': 'https://api.github.com/repos/dharma412/Test-Repo/commits{/sha}', 'git_commits_url': 'https://api.github.com/repos/dharma412/Test-Repo/git/commits{/sha}', 'comments_url': 'https://api.github.com/repos/dharma412/Test-Repo/comments{/number}', 'issue_comment_url': 'https://api.github.com/repos/dharma412/Test-Repo/issues/comments{/number}', 'contents_url': 'https://api.github.com/repos/dharma412/Test-Repo/contents/{+path}', 'compare_url': 'https://api.github.com/repos/dharma412/Test-Repo/compare/{base}...{head}', 'merges_url': 'https://api.github.com/repos/dharma412/Test-Repo/merges', 'archive_url': 'https://api.github.com/repos/dharma412/Test-Repo/{archive_format}{/ref}', 'downloads_url': 'https://api.github.com/repos/dharma412/Test-Repo/downloads', 'issues_url': 'https://api.github.com/repos/dharma412/Test-Repo/issues{/number}', 'pulls_url': 'https://api.github.com/repos/dharma412/Test-Repo/pulls{/number}', 'milestones_url': 'https://api.github.com/repos/dharma412/Test-Repo/milestones{/number}', 'notifications_url': 'https://api.github.com/repos/dharma412/Test-Repo/notifications{?since,all,participating}', 'labels_url': 'https://api.github.com/repos/dharma412/Test-Repo/labels{/name}', 'releases_url': 'https://api.github.com/repos/dharma412/Test-Repo/releases{/id}', 'deployments_url': 'https://api.github.com/repos/dharma412/Test-Repo/deployments', 'created_at': '2024-05-31T16:18:56Z', 'updated_at': '2024-06-01T06:48:02Z', 'pushed_at': '2024-05-31T16:18:56Z', 'git_url': 'git://github.com/dharma412/Test-Repo.git', 'ssh_url': 'git@github.com:dharma412/Test-Repo.git', 'clone_url': 'https://github.com/dharma412/Test-Repo.git', 'svn_url': 'https://github.com/dharma412/Test-Repo', 'homepage': None, 'size': 0, 'stargazers_count': 0, 'watchers_count': 0, 'language': None, 'has_issues': True, 'has_projects': True, 'has_downloads': True, 'has_wiki': True, 'has_pages': False, 'has_discussions': False, 'forks_count': 0, 'mirror_url': None, 'archived': False, 'disabled': False, 'open_issues_count': 0, 'license': None, 'allow_forking': True, 'is_template': False, 'web_commit_signoff_required': False, 'topics': ['api', 'atom', 'electron', 'octocat'], 'visibility': 'public', 'forks': 0, 'open_issues': 0, 'watchers': 0, 'default_branch': 'main'}, {'id': 809079387, 'node_id': 'R_kgDOMDmSWw', 'name': 'Test-Repo1717258677', 'full_name': 'dharma412/Test-Repo1717258677', 'private': False, 'owner': {'login': 'dharma412', 'id': 52806690, 'node_id': 'MDQ6VXNlcjUyODA2Njkw', 'avatar_url': 'https://avatars.githubusercontent.com/u/52806690?v=4', 'gravatar_id': '', 'url': 'https://api.github.com/users/dharma412', 'html_url': 'https://github.com/dharma412', 'followers_url': 'https://api.github.com/users/dharma412/followers', 'following_url': 'https://api.github.com/users/dharma412/following{/other_user}', 'gists_url': 'https://api.github.com/users/dharma412/gists{/gist_id}', 'starred_url': 'https://api.github.com/users/dharma412/starred{/owner}{/repo}', 'subscriptions_url': 'https://api.github.com/users/dharma412/subscriptions', 'organizations_url': 'https://api.github.com/users/dharma412/orgs', 'repos_url': 'https://api.github.com/users/dharma412/repos', 'events_url': 'https://api.github.com/users/dharma412/events{/privacy}', 'received_events_url': 'https://api.github.com/users/dharma412/received_events', 'type': 'User', 'site_admin': False}, 'html_url': 'https://github.com/dharma412/Test-Repo1717258677', 'description': None, 'fork': False, 'url': 'https://api.github.com/repos/dharma412/Test-Repo1717258677', 'forks_url': 'https://api.github.com/repos/dharma412/Test-Repo1717258677/forks', 'keys_url': 'https://api.github.com/repos/dharma412/Test-Repo1717258677/keys{/key_id}', 'collaborators_url': 'https://api.github.com/repos/dharma412/Test-Repo1717258677/collaborators{/collaborator}', 'teams_url': 'https://api.github.com/repos/dharma412/Test-Repo1717258677/teams', 'hooks_url': 'https://api.github.com/repos/dharma412/Test-Repo1717258677/hooks', 'issue_events_url': 'https://api.github.com/repos/dharma412/Test-Repo1717258677/issues/events{/number}', 'events_url': 'https://api.github.com/repos/dharma412/Test-Repo1717258677/events', 'assignees_url': 'https://api.github.com/repos/dharma412/Test-Repo1717258677/assignees{/user}', 'branches_url': 'https://api.github.com/repos/dharma412/Test-Repo1717258677/branches{/branch}', 'tags_url': 'https://api.github.com/repos/dharma412/Test-Repo1717258677/tags', 'blobs_url': 'https://api.github.com/repos/dharma412/Test-Repo1717258677/git/blobs{/sha}', 'git_tags_url': 'https://api.github.com/repos/dharma412/Test-Repo1717258677/git/tags{/sha}', 'git_refs_url': 'https://api.github.com/repos/dharma412/Test-Repo1717258677/git/refs{/sha}', 'trees_url': 'https://api.github.com/repos/dharma412/Test-Repo1717258677/git/trees{/sha}', 'statuses_url': 'https://api.github.com/repos/dharma412/Test-Repo1717258677/statuses/{sha}', 'languages_url': 'https://api.github.com/repos/dharma412/Test-Repo1717258677/languages', 'stargazers_url': 'https://api.github.com/repos/dharma412/Test-Repo1717258677/stargazers', 'contributors_url': 'https://api.github.com/repos/dharma412/Test-Repo1717258677/contributors', 'subscribers_url': 'https://api.github.com/repos/dharma412/Test-Repo1717258677/subscribers', 'subscription_url': 'https://api.github.com/repos/dharma412/Test-Repo1717258677/subscription', 'commits_url': 'https://api.github.com/repos/dharma412/Test-Repo1717258677/commits{/sha}', 'git_commits_url': 'https://api.github.com/repos/dharma412/Test-Repo1717258677/git/commits{/sha}', 'comments_url': 'https://api.github.com/repos/dharma412/Test-Repo1717258677/comments{/number}', 'issue_comment_url': 'https://api.github.com/repos/dharma412/Test-Repo1717258677/issues/comments{/number}', 'contents_url': 'https://api.github.com/repos/dharma412/Test-Repo1717258677/contents/{+path}', 'compare_url': 'https://api.github.com/repos/dharma412/Test-Repo1717258677/compare/{base}...{head}', 'merges_url': 'https://api.github.com/repos/dharma412/Test-Repo1717258677/merges', 'archive_url': 'https://api.github.com/repos/dharma412/Test-Repo1717258677/{archive_format}{/ref}', 'downloads_url': 'https://api.github.com/repos/dharma412/Test-Repo1717258677/downloads', 'issues_url': 'https://api.github.com/repos/dharma412/Test-Repo1717258677/issues{/number}', 'pulls_url': 'https://api.github.com/repos/dharma412/Test-Repo1717258677/pulls{/number}', 'milestones_url': 'https://api.github.com/repos/dharma412/Test-Repo1717258677/milestones{/number}', 'notifications_url': 'https://api.github.com/repos/dharma412/Test-Repo1717258677/notifications{?since,all,participating}', 'labels_url': 'https://api.github.com/repos/dharma412/Test-Repo1717258677/labels{/name}', 'releases_url': 'https://api.github.com/repos/dharma412/Test-Repo1717258677/releases{/id}', 'deployments_url': 'https://api.github.com/repos/dharma412/Test-Repo1717258677/deployments', 'created_at': '2024-06-01T16:17:57Z', 'updated_at': '2024-06-01T16:23:26Z', 'pushed_at': '2024-06-01T16:17:58Z', 'git_url': 'git://github.com/dharma412/Test-Repo1717258677.git', 'ssh_url': 'git@github.com:dharma412/Test-Repo1717258677.git', 'clone_url': 'https://github.com/dharma412/Test-Repo1717258677.git', 'svn_url': 'https://github.com/dharma412/Test-Repo1717258677', 'homepage': None, 'size': 0, 'stargazers_count': 0, 'watchers_count': 0, 'language': None, 'has_issues': True, 'has_projects': True, 'has_downloads': True, 'has_wiki': True, 'has_pages': False, 'has_discussions': False, 'forks_count': 0, 'mirror_url': None, 'archived': False, 'disabled': False, 'open_issues_count': 0, 'license': None, 'allow_forking': True, 'is_template': False, 'web_commit_signoff_required': False, 'topics': ['api', 'atom', 'electron', 'octocat'], 'visibility': 'public', 'forks': 0, 'open_issues': 0, 'watchers': 0, 'default_branch': 'main'}, {'id': 802124317, 'node_id': 'R_kgDOL89yHQ', 'name': 'test2', 'full_name': 'dharma412/test2', 'private': False, 'owner': {'login': 'dharma412', 'id': 52806690, 'node_id': 'MDQ6VXNlcjUyODA2Njkw', 'avatar_url': 'https://avatars.githubusercontent.com/u/52806690?v=4', 'gravatar_id': '', 'url': 'https://api.github.com/users/dharma412', 'html_url': 'https://github.com/dharma412', 'followers_url': 'https://api.github.com/users/dharma412/followers', 'following_url': 'https://api.github.com/users/dharma412/following{/other_user}', 'gists_url': 'https://api.github.com/users/dharma412/gists{/gist_id}', 'starred_url': 'https://api.github.com/users/dharma412/starred{/owner}{/repo}', 'subscriptions_url': 'https://api.github.com/users/dharma412/subscriptions', 'organizations_url': 'https://api.github.com/users/dharma412/orgs', 'repos_url': 'https://api.github.com/users/dharma412/repos', 'events_url': 'https://api.github.com/users/dharma412/events{/privacy}', 'received_events_url': 'https://api.github.com/users/dharma412/received_events', 'type': 'User', 'site_admin': False}, 'html_url': 'https://github.com/dharma412/test2', 'description': None, 'fork': False, 'url': 'https://api.github.com/repos/dharma412/test2', 'forks_url': 'https://api.github.com/repos/dharma412/test2/forks', 'keys_url': 'https://api.github.com/repos/dharma412/test2/keys{/key_id}', 'collaborators_url': 'https://api.github.com/repos/dharma412/test2/collaborators{/collaborator}', 'teams_url': 'https://api.github.com/repos/dharma412/test2/teams', 'hooks_url': 'https://api.github.com/repos/dharma412/test2/hooks', 'issue_events_url': 'https://api.github.com/repos/dharma412/test2/issues/events{/number}', 'events_url': 'https://api.github.com/repos/dharma412/test2/events', 'assignees_url': 'https://api.github.com/repos/dharma412/test2/assignees{/user}', 'branches_url': 'https://api.github.com/repos/dharma412/test2/branches{/branch}', 'tags_url': 'https://api.github.com/repos/dharma412/test2/tags', 'blobs_url': 'https://api.github.com/repos/dharma412/test2/git/blobs{/sha}', 'git_tags_url': 'https://api.github.com/repos/dharma412/test2/git/tags{/sha}', 'git_refs_url': 'https://api.github.com/repos/dharma412/test2/git/refs{/sha}', 'trees_url': 'https://api.github.com/repos/dharma412/test2/git/trees{/sha}', 'statuses_url': 'https://api.github.com/repos/dharma412/test2/statuses/{sha}', 'languages_url': 'https://api.github.com/repos/dharma412/test2/languages', 'stargazers_url': 'https://api.github.com/repos/dharma412/test2/stargazers', 'contributors_url': 'https://api.github.com/repos/dharma412/test2/contributors', 'subscribers_url': 'https://api.github.com/repos/dharma412/test2/subscribers', 'subscription_url': 'https://api.github.com/repos/dharma412/test2/subscription', 'commits_url': 'https://api.github.com/repos/dharma412/test2/commits{/sha}', 'git_commits_url': 'https://api.github.com/repos/dharma412/test2/git/commits{/sha}', 'comments_url': 'https://api.github.com/repos/dharma412/test2/comments{/number}', 'issue_comment_url': 'https://api.github.com/repos/dharma412/test2/issues/comments{/number}', 'contents_url': 'https://api.github.com/repos/dharma412/test2/contents/{+path}', 'compare_url': 'https://api.github.com/repos/dharma412/test2/compare/{base}...{head}', 'merges_url': 'https://api.github.com/repos/dharma412/test2/merges', 'archive_url': 'https://api.github.com/repos/dharma412/test2/{archive_format}{/ref}', 'downloads_url': 'https://api.github.com/repos/dharma412/test2/downloads', 'issues_url': 'https://api.github.com/repos/dharma412/test2/issues{/number}', 'pulls_url': 'https://api.github.com/repos/dharma412/test2/pulls{/number}', 'milestones_url': 'https://api.github.com/repos/dharma412/test2/milestones{/number}', 'notifications_url': 'https://api.github.com/repos/dharma412/test2/notifications{?since,all,participating}', 'labels_url': 'https://api.github.com/repos/dharma412/test2/labels{/name}', 'releases_url': 'https://api.github.com/repos/dharma412/test2/releases{/id}', 'deployments_url': 'https://api.github.com/repos/dharma412/test2/deployments', 'created_at': '2024-05-17T15:09:08Z', 'updated_at': '2024-05-17T15:09:08Z', 'pushed_at': '2024-05-17T15:09:08Z', 'git_url': 'git://github.com/dharma412/test2.git', 'ssh_url': 'git@github.com:dharma412/test2.git', 'clone_url': 'https://github.com/dharma412/test2.git', 'svn_url': 'https://github.com/dharma412/test2', 'homepage': None, 'size': 0, 'stargazers_count': 0, 'watchers_count': 0, 'language': None, 'has_issues': True, 'has_projects': True, 'has_downloads': True, 'has_wiki': True, 'has_pages': False, 'has_discussions': False, 'forks_count': 0, 'mirror_url': None, 'archived': False, 'disabled': False, 'open_issues_count': 0, 'license': None, 'allow_forking': True, 'is_template': False, 'web_commit_signoff_required': False, 'topics': [], 'visibility': 'public', 'forks': 0, 'open_issues': 0, 'watchers': 0, 'default_branch': 'main'}]</msg>
<arg>${resp}</arg>
<doc>Logs the given message with the given level.</doc>
<status status="PASS" start="2024-06-11T23:10:44.615247" elapsed="0.001956"/>
</kw>
<status status="PASS" start="2024-06-11T23:10:43.952714" elapsed="0.664489"/>
</test>
<test id="s1-t2" name="CreateRepoTest" line="13">
<kw name="Create Repo" owner="RepoKeyords">
<kw name="Set Variable" owner="BuiltIn">
<msg time="2024-06-11T23:10:44.621245" level="INFO">${req_body} = {"name":"RepoName12"}</msg>
<var>${req_body}</var>
<arg>{"name":"RepoName12"}</arg>
<doc>Returns the given values which can then be assigned to a variables.</doc>
<status status="PASS" start="2024-06-11T23:10:44.621245" elapsed="0.000000"/>
</kw>
<kw name="POST On Session" owner="RequestsLibrary">
<msg time="2024-06-11T23:10:45.645793" level="INFO">POST Request : url=https://api.github.com/user/repos 
 path_url=/user/repos 
 headers={'User-Agent': 'python-requests/2.32.3', 'Accept-Encoding': 'gzip, deflate', 'Accept': '*/*', 'Connection': 'keep-alive', 'Authorization': 'Bearer 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', 'Content-Length': '21'} 
 body={"name":"RepoName12"} 
 </msg>
<msg time="2024-06-11T23:10:45.645793" level="INFO">POST Response : url=https://api.github.com/user/repos 
 status=201, reason=Created 
 headers={'Server': 'GitHub.com', 'Date': 'Tue, 11 Jun 2024 17:40:45 GMT', 'Content-Type': 'application/json; charset=utf-8', 'Content-Length': '5447', 'Cache-Control': 'private, max-age=60, s-maxage=60', 'Vary': 'Accept, Authorization, Cookie, X-GitHub-OTP, Accept-Encoding, Accept, X-Requested-With', 'ETag': '"67f5ada9779b8513cb5c9a9b8aa7be63b766dc96eee7ce6b1008b83d43287de4"', 'X-OAuth-Scopes': 'admin:enterprise, admin:gpg_key, admin:org, admin:org_hook, admin:public_key, admin:repo_hook, admin:ssh_signing_key, audit_log, codespace, copilot, delete:packages, delete_repo, gist, notifications, project, repo, user, workflow, write:discussion, write:packages', 'X-Accepted-OAuth-Scopes': 'public_repo, repo', 'Location': 'https://api.github.com/repos/dharma412/RepoName12', 'X-GitHub-Media-Type': 'github.v3; format=json', 'x-github-api-version-selected': '2022-11-28', 'X-RateLimit-Limit': '5000', 'X-RateLimit-Remaining': '4997', 'X-RateLimit-Reset': '1718130985', 'X-RateLimit-Used': '3', 'X-RateLimit-Resource': 'core', 'Access-Control-Expose-Headers': 'ETag, Link, Location, Retry-After, X-GitHub-OTP, X-RateLimit-Limit, X-RateLimit-Remaining, X-RateLimit-Used, X-RateLimit-Resource, X-RateLimit-Reset, X-OAuth-Scopes, X-Accepted-OAuth-Scopes, X-Poll-Interval, X-GitHub-Media-Type, X-GitHub-SSO, X-GitHub-Request-Id, Deprecation, Sunset', 'Access-Control-Allow-Origin': '*', 'Strict-Transport-Security': 'max-age=31536000; includeSubdomains; preload', 'X-Frame-Options': 'deny', 'X-Content-Type-Options': 'nosniff', 'X-XSS-Protection': '0', 'Referrer-Policy': 'origin-when-cross-origin, strict-origin-when-cross-origin', 'Content-Security-Policy': "default-src 'none'", 'X-GitHub-Request-Id': '226E:14C3EA:29967F:31A374:66688C1C'} 
 body={"id":813764730,"node_id":"R_kgDOMIEQeg","name":"RepoName12","full_name":"dharma412/RepoName12","private":false,"owner":{"login":"dharma412","id":52806690,"node_id":"MDQ6VXNlcjUyODA2Njkw","avatar_url":"https://avatars.githubusercontent.com/u/52806690?v=4","gravatar_id":"","url":"https://api.github.com/users/dharma412","html_url":"https://github.com/dharma412","followers_url":"https://api.github.com/users/dharma412/followers","following_url":"https://api.github.com/users/dharma412/following{/other_user}","gists_url":"https://api.github.com/users/dharma412/gists{/gist_id}","starred_url":"https://api.github.com/users/dharma412/starred{/owner}{/repo}","subscriptions_url":"https://api.github.com/users/dharma412/subscriptions","organizations_url":"https://api.github.com/users/dharma412/orgs","repos_url":"https://api.github.com/users/dharma412/repos","events_url":"https://api.github.com/users/dharma412/events{/privacy}","received_events_url":"https://api.github.com/users/dharma412/received_events","type":"User","site_admin":false},"html_url":"https://github.com/dharma412/RepoName12","description":null,"fork":false,"url":"https://api.github.com/repos/dharma412/RepoName12","forks_url":"https://api.github.com/repos/dharma412/RepoName12/forks","keys_url":"https://api.github.com/repos/dharma412/RepoName12/keys{/key_id}","collaborators_url":"https://api.github.com/repos/dharma412/RepoName12/collaborators{/collaborator}","teams_url":"https://api.github.com/repos/dharma412/RepoName12/teams","hooks_url":"https://api.github.com/repos/dharma412/RepoName12/hooks","issue_events_url":"https://api.github.com/repos/dharma412/RepoName12/issues/events{/number}","events_url":"https://api.github.com/repos/dharma412/RepoName12/events","assignees_url":"https://api.github.com/repos/dharma412/RepoName12/assignees{/user}","branches_url":"https://api.github.com/repos/dharma412/RepoName12/branches{/branch}","tags_url":"https://api.github.com/repos/dharma412/RepoName12/tags","blobs_url":"https://api.github.com/repos/dharma412/RepoName12/git/blobs{/sha}","git_tags_url":"https://api.github.com/repos/dharma412/RepoName12/git/tags{/sha}","git_refs_url":"https://api.github.com/repos/dharma412/RepoName12/git/refs{/sha}","trees_url":"https://api.github.com/repos/dharma412/RepoName12/git/trees{/sha}","statuses_url":"https://api.github.com/repos/dharma412/RepoName12/statuses/{sha}","languages_url":"https://api.github.com/repos/dharma412/RepoName12/languages","stargazers_url":"https://api.github.com/repos/dharma412/RepoName12/stargazers","contributors_url":"https://api.github.com/repos/dharma412/RepoName12/contributors","subscribers_url":"https://api.github.com/repos/dharma412/RepoName12/subscribers","subscription_url":"https://api.github.com/repos/dharma412/RepoName12/subscription","commits_url":"https://api.github.com/repos/dharma412/RepoName12/commits{/sha}","git_commits_url":"https://api.github.com/repos/dharma412/RepoName12/git/commits{/sha}","comments_url":"https://api.github.com/repos/dharma412/RepoName12/comments{/number}","issue_comment_url":"https://api.github.com/repos/dharma412/RepoName12/issues/comments{/number}","contents_url":"https://api.github.com/repos/dharma412/RepoName12/contents/{+path}","compare_url":"https://api.github.com/repos/dharma412/RepoName12/compare/{base}...{head}","merges_url":"https://api.github.com/repos/dharma412/RepoName12/merges","archive_url":"https://api.github.com/repos/dharma412/RepoName12/{archive_format}{/ref}","downloads_url":"https://api.github.com/repos/dharma412/RepoName12/downloads","issues_url":"https://api.github.com/repos/dharma412/RepoName12/issues{/number}","pulls_url":"https://api.github.com/repos/dharma412/RepoName12/pulls{/number}","milestones_url":"https://api.github.com/repos/dharma412/RepoName12/milestones{/number}","notifications_url":"https://api.github.com/repos/dharma412/RepoName12/notifications{?since,all,participating}","labels_url":"https://api.github.com/repos/dharma412/RepoName12/labels{/name}","releases_url":"https://api.github.com/repos/dharma412/RepoName12/releases{/id}","deployments_url":"https://api.github.com/repos/dharma412/RepoName12/deployments","created_at":"2024-06-11T17:40:44Z","updated_at":"2024-06-11T17:40:45Z","pushed_at":"2024-06-11T17:40:45Z","git_url":"git://github.com/dharma412/RepoName12.git","ssh_url":"git@github.com:dharma412/RepoName12.git","clone_url":"https://github.com/dharma412/RepoName12.git","svn_url":"https://github.com/dharma412/RepoName12","homepage":null,"size":0,"stargazers_count":0,"watchers_count":0,"language":null,"has_issues":true,"has_projects":true,"has_downloads":true,"has_wiki":true,"has_pages":false,"has_discussions":false,"forks_count":0,"mirror_url":null,"archived":false,"disabled":false,"open_issues_count":0,"license":null,"allow_forking":true,"is_template":false,"web_commit_signoff_required":false,"topics":[],"visibility":"public","forks":0,"open_issues":0,"watchers":0,"default_branch":"main","permissions":{"admin":true,"maintain":true,"push":true,"triage":true,"pull":true},"allow_squash_merge":true,"allow_merge_commit":true,"allow_rebase_merge":true,"allow_auto_merge":false,"delete_branch_on_merge":false,"allow_update_branch":false,"use_squash_pr_title_as_default":false,"squash_merge_commit_message":"COMMIT_MESSAGES","squash_merge_commit_title":"COMMIT_OR_PR_TITLE","merge_commit_message":"PR_TITLE","merge_commit_title":"MERGE_MESSAGE","network_count":0,"subscribers_count":0} 
 </msg>
<msg time="2024-06-11T23:10:45.645793" level="INFO">C:\Users\cteja\AppData\Local\Programs\Python\Python39\lib\site-packages\urllib3\connectionpool.py:1103: InsecureRequestWarning: Unverified HTTPS request is being made to host 'api.github.com'. Adding certificate verification is strongly advised. See: https://urllib3.readthedocs.io/en/latest/advanced-usage.html#tls-warnings
  warnings.warn(</msg>
<msg time="2024-06-11T23:10:45.645793" level="INFO">${fetch_resp} = &lt;Response [201]&gt;</msg>
<var>${fetch_resp}</var>
<arg>endpoint</arg>
<arg>url=${RepoCreate}</arg>
<arg>data=${req_body}</arg>
<arg>headers=${HEADERS}</arg>
<doc>Sends a POST request on a previously created HTTP Session.</doc>
<status status="PASS" start="2024-06-11T23:10:44.621245" elapsed="1.024548"/>
</kw>
<return>
<value>${fetch_resp}</value>
<status status="PASS" start="2024-06-11T23:10:45.645793" elapsed="0.000000"/>
</return>
<msg time="2024-06-11T23:10:45.646824" level="INFO">${resp} = &lt;Response [201]&gt;</msg>
<var>${resp}</var>
<tag>Repo</tag>
<status status="PASS" start="2024-06-11T23:10:44.620246" elapsed="1.026578"/>
</kw>
<kw name="Log To Console" owner="BuiltIn">
<arg>${resp}</arg>
<doc>Logs the given message to the console.</doc>
<status status="PASS" start="2024-06-11T23:10:45.646824" elapsed="0.000999"/>
</kw>
<status status="PASS" start="2024-06-11T23:10:44.619210" elapsed="1.028613"/>
</test>
<status status="PASS" start="2024-06-11T23:10:43.856683" elapsed="1.792114"/>
</suite>
<statistics>
<total>
<stat pass="2" fail="0" skip="0">All Tests</stat>
</total>
<tag>
</tag>
<suite>
<stat pass="2" fail="0" skip="0" id="s1" name="Repo Testcases">Repo Testcases</stat>
</suite>
</statistics>
<errors>
<msg time="2024-06-11T23:10:43.947728" level="WARN">Error in file 'C:\mydocuments\PythonClass\Project\Keywords\RepoKeyords.robot' on line 13: The '[Return]' setting is deprecated. Use the 'RETURN' statement instead.</msg>
<msg time="2024-06-11T23:10:43.948716" level="WARN">Error in file 'C:\mydocuments\PythonClass\Project\Keywords\RepoKeyords.robot' on line 19: The '[Return]' setting is deprecated. Use the 'RETURN' statement instead.</msg>
</errors>
</robot>
