<?xml version="1.0" encoding="UTF-8"?>
<robot generator="Robot 3.1.2 (Python 3.8.6 on win32)" generated="20210520 15:01:20.417" rpa="false">
<suite id="s1" name="Runif" source="C:\Users\dhchaluv\Learning\RobotLearning\RobotPoints\APIROBOT\runif.robot">
<test id="s1-t1" name="runifkeyword">
<kw name="Run Keyword If" library="BuiltIn">
<doc>Runs the given keyword with the given arguments, if ``condition`` is true.</doc>
<arguments>
<arg>${var}==1</arg>
<arg>log to console</arg>
<arg>passedteset</arg>
<arg>log to console</arg>
<arg>passedtest2</arg>
<arg>ELSE</arg>
<arg>log to console</arg>
<arg>failed</arg>
</arguments>
<kw name="Log To Console" library="BuiltIn">
<doc>Logs the given message to the console.</doc>
<arguments>
<arg>passedteset</arg>
<arg>log to console</arg>
<arg>passedtest2</arg>
</arguments>
<status status="PASS" starttime="20210520 15:01:20.441" endtime="20210520 15:01:20.442"></status>
</kw>
<status status="PASS" starttime="20210520 15:01:20.441" endtime="20210520 15:01:20.442"></status>
</kw>
<status status="PASS" starttime="20210520 15:01:20.441" endtime="20210520 15:01:20.442" critical="yes"></status>
</test>
<status status="PASS" starttime="20210520 15:01:20.419" endtime="20210520 15:01:20.443"></status>
</suite>
<statistics>
<total>
<stat pass="1" fail="0">Critical Tests</stat>
<stat pass="1" fail="0">All Tests</stat>
</total>
<tag>
</tag>
<suite>
<stat pass="1" fail="0" id="s1" name="Runif">Runif</stat>
</suite>
</statistics>
<errors>
</errors>
</robot>
