<?xml version="1.0" encoding="UTF-8"?>
<robot generator="Robot 7.0.1 (Python 3.9.13 on win32)" generated="2024-06-14T19:50:40.562033" rpa="false" schemaversion="5">
<suite id="s1" name="Repo Testcases" source="C:\mydocuments\PythonClass\Project\Testcases\Repo_Testcases.robot">
<kw name="GITHUB COMMON SETUP" owner="CommonAPI_Keywords" type="SETUP">
<kw name="Set Header For API User" owner="CommonAPI_Keywords">
<msg time="2024-06-14T19:50:40.698086" level="FAIL">Resolving argument default values failed: Variable '${TOKEN}' not found.</msg>
<doc>This keyword is to set headers</doc>
<status status="FAIL" start="2024-06-14T19:50:40.696993" elapsed="0.001093">Resolving argument default values failed: Variable '${TOKEN}' not found.</status>
</kw>
<kw name="Create GIT_HUB Creation" owner="CommonAPI_Keywords">
<status status="NOT RUN" start="2024-06-14T19:50:40.698086" elapsed="0.000000"/>
</kw>
<status status="FAIL" start="2024-06-14T19:50:40.696993" elapsed="0.001093">Resolving argument default values failed: Variable '${TOKEN}' not found.</status>
</kw>
<test id="s1-t1" name="FetchAllRepos" line="9">
<status status="FAIL" start="2024-06-14T19:50:40.698086" elapsed="0.000000">Parent suite setup failed:
Resolving argument default values failed: Variable '${TOKEN}' not found.</status>
</test>
<test id="s1-t2" name="CreateRepoTest" line="13">
<status status="FAIL" start="2024-06-14T19:50:40.699085" elapsed="0.000000">Parent suite setup failed:
Resolving argument default values failed: Variable '${TOKEN}' not found.</status>
</test>
<status status="FAIL" start="2024-06-14T19:50:40.563042" elapsed="0.136951">Suite setup failed:
Resolving argument default values failed: Variable '${TOKEN}' not found.</status>
</suite>
<statistics>
<total>
<stat pass="0" fail="2" skip="0">All Tests</stat>
</total>
<tag>
</tag>
<suite>
<stat pass="0" fail="2" skip="0" id="s1" name="Repo Testcases">Repo Testcases</stat>
</suite>
</statistics>
<errors>
<msg time="2024-06-14T19:50:40.695081" level="WARN">Error in file 'C:\mydocuments\PythonClass\Project\Keywords\RepoKeyords.robot' on line 15: The '[Return]' setting is deprecated. Use the 'RETURN' statement instead.</msg>
<msg time="2024-06-14T19:50:40.695081" level="WARN">Error in file 'C:\mydocuments\PythonClass\Project\Keywords\RepoKeyords.robot' on line 22: The '[Return]' setting is deprecated. Use the 'RETURN' statement instead.</msg>
</errors>
</robot>
