<?xml version="1.0" encoding="UTF-8"?>
<robot generator="Robot 7.0.1 (Python 3.9.13 on win32)" generated="2024-06-11T20:40:20.709820" rpa="false" schemaversion="5">
<suite id="s1" name="Repo Testcases" source="C:\mydocuments\PythonClass\Project\Testcases\Repo_Testcases.robot">
<kw name="Session Creation" owner="GithubKeywords" type="SETUP">
<kw name="Create Session" owner="RequestsLibrary">
<msg time="2024-06-11T20:40:20.794182" level="INFO">Creating Session using : alias=endpoint, url=https://api.github.com, headers={},                     cookies={}, auth=None, timeout=None, proxies=None, verify=False,                     debug=0 </msg>
<arg>endpoint</arg>
<arg>https://api.github.com</arg>
<doc>Create Session: create a HTTP session to a server</doc>
<status status="PASS" start="2024-06-11T20:40:20.794182" elapsed="0.000000"/>
</kw>
<status status="PASS" start="2024-06-11T20:40:20.794182" elapsed="0.000000"/>
</kw>
<test id="s1-t1" name="FetchAllRepos" line="9">
<kw name="GET On Session" owner="RequestsLibrary">
<msg time="2024-06-11T20:40:21.142456" level="INFO">GET Request : url=https://api.github.com/users/dharma412/repos 
 path_url=/users/dharma412/repos 
 headers={'User-Agent': 'python-requests/2.32.3', 'Accept-Encoding': 'gzip, deflate', 'Accept': '*/*', 'Connection': 'keep-alive'} 
 body=None 
 </msg>
<msg time="2024-06-11T20:40:21.142456" level="INFO">GET Response : url=https://api.github.com/users/dharma412/repos 
 status=200, reason=OK 
 headers={'Server': 'GitHub.com', 'Date': 'Tue, 11 Jun 2024 15:10:03 GMT', 'Cache-Control': 'public, max-age=60, s-maxage=60', 'Vary': 'Accept, Accept-Encoding, Accept, X-Requested-With', 'ETag': '"d079a88063a0f3ece33bb3ff750100264514639f55eb3b7419a6f043132a8e19"', 'x-github-api-version-selected': '2022-11-28', 'Access-Control-Expose-Headers': 'ETag, Link, Location, Retry-After, X-GitHub-OTP, X-RateLimit-Limit, X-RateLimit-Remaining, X-RateLimit-Used, X-RateLimit-Resource, X-RateLimit-Reset, X-OAuth-Scopes, X-Accepted-OAuth-Scopes, X-Poll-Interval, X-GitHub-Media-Type, X-GitHub-SSO, X-GitHub-Request-Id, Deprecation, Sunset', 'Access-Control-Allow-Origin': '*', 'Strict-Transport-Security': 'max-age=31536000; includeSubdomains; preload', 'X-Frame-Options': 'deny', 'X-Content-Type-Options': 'nosniff', 'X-XSS-Protection': '0', 'Referrer-Policy': 'origin-when-cross-origin, strict-origin-when-cross-origin', 'Content-Security-Policy': "default-src 'none'", 'Content-Type': 'application/json; charset=utf-8', 'X-GitHub-Media-Type': 'github.v3; format=json', 'Content-Encoding': 'gzip', 'X-RateLimit-Limit': '60', 'X-RateLimit-Remaining': '57', 'X-RateLimit-Reset': '1718122184', 'X-RateLimit-Resource': 'core', 'X-RateLimit-Used': '3', 'Accept-Ranges': 'bytes', 'Content-Length': '2493', 'X-GitHub-Request-Id': '0F90:14DDC6:23A815:2AE487:666868DD'} 
 body=[{"id":196515880,"node_id":"MDEwOlJlcG9zaXRvcnkxOTY1MTU4ODA=","name":"bachhuProject","full_name":"dharma412/bachhuProject","private":false,"owner":{"login":"dharma412","id":52806690,"node_id":"MDQ6VXNlcjUyODA2Njkw","avatar_url":"https://avatars.githubusercontent.com/u/52806690?v=4","gravatar_id":"","url":"https://api.github.com/users/dharma412","html_url":"https://github.com/dharma412","followers_url":"https://api.github.com/users/dharma412/followers","following_url":"https://api.github.com/users/dharma412/following{/other_user}","gists_url":"https://api.github.com/users/dharma412/gists{/gist_id}","starred_url":"https://api.github.com/users/dharma412/starred{/owner}{/repo}","subscriptions_url":"https://api.github.com/users/dharma412/subscriptions","organizations_url":"https://api.github.com/users/dharma412/orgs","repos_url":"https://api.github.com/users/dharma412/repos","events_url":"https://api.github.com/users/dharma412/events{/privacy}","received_events_url":"https://api.github.com/users/dharma412/received_events","type":"User","site_admin":false},"html_url":"https://github.com/dharma412/bachhuProject","description":null,"fork":false,"url":"https://api.github.com/repos/dharma412/bachhuProject","forks_url":"https://api.github.com/repos/dharma412/bachhuProject/forks","keys_url":"https://api.github.com/repos/dharma412/bachhuProject/keys{/key_id}","collaborators_url":"https://api.github.com/repos/dharma412/bachhuProject/collaborators{/collaborator}","teams_url":"https://api.github.com/repos/dharma412/bachhuProject/teams","hooks_url":"https://api.github.com/repos/dharma412/bachhuProject/hooks","issue_events_url":"https://api.github.com/repos/dharma412/bachhuProject/issues/events{/number}","events_url":"https://api.github.com/repos/dharma412/bachhuProject/events","assignees_url":"https://api.github.com/repos/dharma412/bachhuProject/assignees{/user}","branches_url":"https://api.github.com/repos/dharma412/bachhuProject/branches{/branch}","tags_url":"https://api.github.com/repos/dharma412/bachhuProject/tags","blobs_url":"https://api.github.com/repos/dharma412/bachhuProject/git/blobs{/sha}","git_tags_url":"https://api.github.com/repos/dharma412/bachhuProject/git/tags{/sha}","git_refs_url":"https://api.github.com/repos/dharma412/bachhuProject/git/refs{/sha}","trees_url":"https://api.github.com/repos/dharma412/bachhuProject/git/trees{/sha}","statuses_url":"https://api.github.com/repos/dharma412/bachhuProject/statuses/{sha}","languages_url":"https://api.github.com/repos/dharma412/bachhuProject/languages","stargazers_url":"https://api.github.com/repos/dharma412/bachhuProject/stargazers","contributors_url":"https://api.github.com/repos/dharma412/bachhuProject/contributors","subscribers_url":"https://api.github.com/repos/dharma412/bachhuProject/subscribers","subscription_url":"https://api.github.com/repos/dharma412/bachhuProject/subscription","commits_url":"https://api.github.com/repos/dharma412/bachhuProject/commits{/sha}","git_commits_url":"https://api.github.com/repos/dharma412/bachhuProject/git/commits{/sha}","comments_url":"https://api.github.com/repos/dharma412/bachhuProject/comments{/number}","issue_comment_url":"https://api.github.com/repos/dharma412/bachhuProject/issues/comments{/number}","contents_url":"https://api.github.com/repos/dharma412/bachhuProject/contents/{+path}","compare_url":"https://api.github.com/repos/dharma412/bachhuProject/compare/{base}...{head}","merges_url":"https://api.github.com/repos/dharma412/bachhuProject/merges","archive_url":"https://api.github.com/repos/dharma412/bachhuProject/{archive_format}{/ref}","downloads_url":"https://api.github.com/repos/dharma412/bachhuProject/downloads","issues_url":"https://api.github.com/repos/dharma412/bachhuProject/issues{/number}","pulls_url":"https://api.github.com/repos/dharma412/bachhuProject/pulls{/number}","milestones_url":"https://api.github.com/repos/dharma412/bachhuProject/milestones{/number}","notifications_url":"https://api.github.com/repos/dharma412/bachhuProject/notifications{?since,all,participating}","labels_url":"https://api.github.com/repos/dharma412/bachhuProject/labels{/name}","releases_url":"https://api.github.com/repos/dharma412/bachhuProject/releases{/id}","deployments_url":"https://api.github.com/repos/dharma412/bachhuProject/deployments","created_at":"2019-07-12T05:44:37Z","updated_at":"2019-07-12T05:55:13Z","pushed_at":"2019-07-12T05:55:11Z","git_url":"git://github.com/dharma412/bachhuProject.git","ssh_url":"git@github.com:dharma412/bachhuProject.git","clone_url":"https://github.com/dharma412/bachhuProject.git","svn_url":"https://github.com/dharma412/bachhuProject","homepage":null,"size":17969,"stargazers_count":0,"watchers_count":0,"language":"Python","has_issues":true,"has_projects":true,"has_downloads":true,"has_wiki":true,"has_pages":false,"has_discussions":false,"forks_count":0,"mirror_url":null,"archived":false,"disabled":false,"open_issues_count":0,"license":null,"allow_forking":true,"is_template":false,"web_commit_signoff_required":false,"topics":[],"visibility":"public","forks":0,"open_issues":0,"watchers":0,"default_branch":"master"},{"id":764986040,"node_id":"R_kgDOLZjCuA","name":"githubActions","full_name":"dharma412/githubActions","private":false,"owner":{"login":"dharma412","id":52806690,"node_id":"MDQ6VXNlcjUyODA2Njkw","avatar_url":"https://avatars.githubusercontent.com/u/52806690?v=4","gravatar_id":"","url":"https://api.github.com/users/dharma412","html_url":"https://github.com/dharma412","followers_url":"https://api.github.com/users/dharma412/followers","following_url":"https://api.github.com/users/dharma412/following{/other_user}","gists_url":"https://api.github.com/users/dharma412/gists{/gist_id}","starred_url":"https://api.github.com/users/dharma412/starred{/owner}{/repo}","subscriptions_url":"https://api.github.com/users/dharma412/subscriptions","organizations_url":"https://api.github.com/users/dharma412/orgs","repos_url":"https://api.github.com/users/dharma412/repos","events_url":"https://api.github.com/users/dharma412/events{/privacy}","received_events_url":"https://api.github.com/users/dharma412/received_events","type":"User","site_admin":false},"html_url":"https://github.com/dharma412/githubActions","description":null,"fork":false,"url":"https://api.github.com/repos/dharma412/githubActions","forks_url":"https://api.github.com/repos/dharma412/githubActions/forks","keys_url":"https://api.github.com/repos/dharma412/githubActions/keys{/key_id}","collaborators_url":"https://api.github.com/repos/dharma412/githubActions/collaborators{/collaborator}","teams_url":"https://api.github.com/repos/dharma412/githubActions/teams","hooks_url":"https://api.github.com/repos/dharma412/githubActions/hooks","issue_events_url":"https://api.github.com/repos/dharma412/githubActions/issues/events{/number}","events_url":"https://api.github.com/repos/dharma412/githubActions/events","assignees_url":"https://api.github.com/repos/dharma412/githubActions/assignees{/user}","branches_url":"https://api.github.com/repos/dharma412/githubActions/branches{/branch}","tags_url":"https://api.github.com/repos/dharma412/githubActions/tags","blobs_url":"https://api.github.com/repos/dharma412/githubActions/git/blobs{/sha}","git_tags_url":"https://api.github.com/repos/dharma412/githubActions/git/tags{/sha}","git_refs_url":"https://api.github.com/repos/dharma412/githubActions/git/refs{/sha}","trees_url":"https://api.github.com/repos/dharma412/githubActions/git/trees{/sha}","statuses_url":"https://api.github.com/repos/dharma412/githubActions/statuses/{sha}","languages_url":"https://api.github.com/repos/dharma412/githubActions/languages","stargazers_url":"https://api.github.com/repos/dharma412/githubActions/stargazers","contributors_url":"https://api.github.com/repos/dharma412/githubActions/contributors","subscribers_url":"https://api.github.com/repos/dharma412/githubActions/subscribers","subscription_url":"https://api.github.com/repos/dharma412/githubActions/subscription","commits_url":"https://api.github.com/repos/dharma412/githubActions/commits{/sha}","git_commits_url":"https://api.github.com/repos/dharma412/githubActions/git/commits{/sha}","comments_url":"https://api.github.com/repos/dharma412/githubActions/comments{/number}","issue_comment_url":"https://api.github.com/repos/dharma412/githubActions/issues/comments{/number}","contents_url":"https://api.github.com/repos/dharma412/githubActions/contents/{+path}","compare_url":"https://api.github.com/repos/dharma412/githubActions/compare/{base}...{head}","merges_url":"https://api.github.com/repos/dharma412/githubActions/merges","archive_url":"https://api.github.com/repos/dharma412/githubActions/{archive_format}{/ref}","downloads_url":"https://api.github.com/repos/dharma412/githubActions/downloads","issues_url":"https://api.github.com/repos/dharma412/githubActions/issues{/number}","pulls_url":"https://api.github.com/repos/dharma412/githubActions/pulls{/number}","milestones_url":"https://api.github.com/repos/dharma412/githubActions/milestones{/number}","notifications_url":"https://api.github.com/repos/dharma412/githubActions/notifications{?since,all,participating}","labels_url":"https://api.github.com/repos/dharma412/githubActions/labels{/name}","releases_url":"https://api.github.com/repos/dharma412/githubActions/releases{/id}","deployments_url":"https://api.github.com/repos/dharma412/githubActions/deployments","created_at":"2024-02-29T04:15:32Z","updated_at":"2024-02-29T06:16:41Z","pushed_at":"2024-04-02T17:34:17Z","git_url":"git://github.com/dharma412/githubActions.git","ssh_url":"git@github.com:dharma412/githubActions.git","clone_url":"https://github.com/dharma412/githubActions.git","svn_url":"https://github.com/dharma412/githubActions","homepage":null,"size":25,"stargazers_count":0,"watchers_count":0,"language":"Python","has_issues":true,"has_projects":true,"has_downloads":true,"has_wiki":true,"has_pages":false,"has_discussions":false,"forks_count":0,"mirror_url":null,"archived":false,"disabled":false,... (set the log level to DEBUG or TRACE to see the full content) 
 </msg>
<msg time="2024-06-11T20:40:21.142456" level="INFO">C:\Users\cteja\AppData\Local\Programs\Python\Python39\lib\site-packages\urllib3\connectionpool.py:1103: InsecureRequestWarning: Unverified HTTPS request is being made to host 'api.github.com'. Adding certificate verification is strongly advised. See: https://urllib3.readthedocs.io/en/latest/advanced-usage.html#tls-warnings
  warnings.warn(</msg>
<msg time="2024-06-11T20:40:21.142456" level="INFO">${resp} = &lt;Response [200]&gt;</msg>
<var>${resp}</var>
<arg>endpoint</arg>
<arg>url=${FetchRepo}</arg>
<doc>Sends a GET request on a previously created HTTP Session.</doc>
<status status="PASS" start="2024-06-11T20:40:20.794182" elapsed="0.348274"/>
</kw>
<status status="PASS" start="2024-06-11T20:40:20.794182" elapsed="0.348274"/>
</test>
<status status="PASS" start="2024-06-11T20:40:20.709820" elapsed="0.432636"/>
</suite>
<statistics>
<total>
<stat pass="1" fail="0" skip="0">All Tests</stat>
</total>
<tag>
</tag>
<suite>
<stat pass="1" fail="0" skip="0" id="s1" name="Repo Testcases">Repo Testcases</stat>
</suite>
</statistics>
<errors>
</errors>
</robot>
