<?xml version="1.0" encoding="UTF-8"?>
<robot generator="Robot 4.1.2 (Python 3.10.0 on win32)" generated="20211018 19:41:24.305" rpa="false" schemaversion="2">
<suite id="s1" name="Add Time To Date" source="R:\CISCODATA\RobotFramework\RobotFramework\Robot\Standard\DateTime\Add Time To Date.robot">
<test id="s1-t1" name="ConvertTitileCase">
<kw name="Add Time To Date" library="robot.libraries.DateTime">
<var>${output}</var>
<arg>2014-05-28 12:05:03.111</arg>
<arg>7 days</arg>
<doc>Adds time to date and returns the resulting date.</doc>
<msg timestamp="20211018 19:41:24.336" level="INFO">${output} = 2014-06-04 12:05:03.111</msg>
<status status="PASS" starttime="20211018 19:41:24.336" endtime="20211018 19:41:24.336"/>
</kw>
<kw name="Log To Console" library="BuiltIn">
<arg>${output}</arg>
<doc>Logs the given message to the console.</doc>
<status status="PASS" starttime="20211018 19:41:24.336" endtime="20211018 19:41:24.336"/>
</kw>
<status status="PASS" starttime="20211018 19:41:24.336" endtime="20211018 19:41:24.336"/>
</test>
<status status="PASS" starttime="20211018 19:41:24.305" endtime="20211018 19:41:24.336"/>
</suite>
<statistics>
<total>
<stat pass="1" fail="0" skip="0">All Tests</stat>
</total>
<tag>
</tag>
<suite>
<stat pass="1" fail="0" skip="0" id="s1" name="Add Time To Date">Add Time To Date</stat>
</suite>
</statistics>
<errors>
</errors>
</robot>
