<?xml version="1.0" encoding="UTF-8"?>
<robot generator="Robot 7.0 (Python 3.9.13 on win32)" generated="2024-06-07T20:19:31.007216" rpa="false" schemaversion="5">
<suite id="s1" name="Basic" source="C:\mydocuments\PythonClass\RobotFramework\Basic.robot">
<kw name="Keyword1" type="SETUP">
<kw name="Log To Console" owner="BuiltIn">
<arg>${text3}</arg>
<doc>Logs the given message to the console.</doc>
<status status="PASS" start="2024-06-07T20:19:31.026149" elapsed="0.000000"/>
</kw>
<arg>Thususpthon</arg>
<status status="PASS" start="2024-06-07T20:19:31.026149" elapsed="0.000000"/>
</kw>
<test id="s1-t1" name="Testcase4" line="35">
<kw name="Log To Console" owner="BuiltIn">
<arg>${country}</arg>
<doc>Logs the given message to the console.</doc>
<status status="PASS" start="2024-06-07T20:19:31.027223" elapsed="0.000000"/>
</kw>
<status status="PASS" start="2024-06-07T20:19:31.026149" elapsed="0.001074"/>
</test>
<status status="PASS" start="2024-06-07T20:19:31.009212" elapsed="0.018995"/>
</suite>
<statistics>
<total>
<stat pass="1" fail="0" skip="0">All Tests</stat>
</total>
<tag>
</tag>
<suite>
<stat pass="1" fail="0" skip="0" id="s1" name="Basic">Basic</stat>
</suite>
</statistics>
<errors>
</errors>
</robot>
