<?xml version="1.0" encoding="UTF-8"?>
<robot generator="Robot 7.0.1 (Python 3.9.13 on win32)" generated="2024-06-11T20:30:30.642324" rpa="false" schemaversion="5">
<suite id="s1" name="CallMethod keyword" source="C:\mydocuments\PythonClass\RobotFramework\Standard\BuiltIn\CallMethod_keyword.robot">
<test id="s1-t1" name="LoginTest" line="6">
<kw name="Call Method" owner="BuiltIn">
<msg time="2024-06-11T20:30:30.658080" level="FAIL">Variable '${cal}' not found.</msg>
<var>${var}</var>
<arg>${cal}</arg>
<arg>add</arg>
<doc>Calls the named method of the given object with the provided arguments.</doc>
<status status="FAIL" start="2024-06-11T20:30:30.658080" elapsed="0.000000">Variable '${cal}' not found.</status>
</kw>
<kw name="Log To Console" owner="BuiltIn">
<arg>${var}</arg>
<doc>Logs the given message to the console.</doc>
<status status="NOT RUN" start="2024-06-11T20:30:30.658080" elapsed="0.000000"/>
</kw>
<status status="FAIL" start="2024-06-11T20:30:30.658080" elapsed="0.000000">Variable '${cal}' not found.</status>
</test>
<status status="FAIL" start="2024-06-11T20:30:30.642324" elapsed="0.015756"/>
</suite>
<statistics>
<total>
<stat pass="0" fail="1" skip="0">All Tests</stat>
</total>
<tag>
</tag>
<suite>
<stat pass="0" fail="1" skip="0" id="s1" name="CallMethod keyword">CallMethod keyword</stat>
</suite>
</statistics>
<errors>
</errors>
</robot>
