<?xml version="1.0" encoding="UTF-8"?>
<robot generator="Robot 4.1.3 (Python 3.10.2 on win32)" generated="20220316 16:47:27.800" rpa="false" schemaversion="2">
<suite id="s1" name="Set Variable" source="D:\Robot\Standard\BuiltIn\Set Variable.robot">
<test id="s1-t1" name="Test Set Variable">
<kw name="Set Variable" library="BuiltIn">
<var>${VARIABLES}</var>
<arg>hello teja</arg>
<doc>Returns the given values which can then be assigned to a variables.</doc>
<msg timestamp="20220316 16:47:27.831" level="INFO">${VARIABLES} = hello teja</msg>
<status status="PASS" starttime="20220316 16:47:27.831" endtime="20220316 16:47:27.831"/>
</kw>
<kw name="Create List" library="BuiltIn">
<var>${VARIABLES1}</var>
<arg>hello</arg>
<arg>teja</arg>
<arg>python</arg>
<doc>Returns a list containing given items.</doc>
<msg timestamp="20220316 16:47:27.831" level="INFO">${VARIABLES1} = ['hello', 'teja', 'python']</msg>
<status status="PASS" starttime="20220316 16:47:27.831" endtime="20220316 16:47:27.831"/>
</kw>
<kw name="Set Variable" library="BuiltIn">
<var>${VARIABLES2}</var>
<arg>${VARIABLES1}</arg>
<doc>Returns the given values which can then be assigned to a variables.</doc>
<msg timestamp="20220316 16:47:27.831" level="INFO">${VARIABLES2} = ['hello', 'teja', 'python']</msg>
<status status="PASS" starttime="20220316 16:47:27.831" endtime="20220316 16:47:27.831"/>
</kw>
<kw name="Log To Console" library="BuiltIn">
<arg>${VARIABLES2}</arg>
<doc>Logs the given message to the console.</doc>
<status status="PASS" starttime="20220316 16:47:27.831" endtime="20220316 16:47:27.831"/>
</kw>
<status status="PASS" starttime="20220316 16:47:27.831" endtime="20220316 16:47:27.831"/>
</test>
<status status="PASS" starttime="20220316 16:47:27.800" endtime="20220316 16:47:27.831"/>
</suite>
<statistics>
<total>
<stat pass="1" fail="0" skip="0">All Tests</stat>
</total>
<tag>
</tag>
<suite>
<stat pass="1" fail="0" skip="0" id="s1" name="Set Variable">Set Variable</stat>
</suite>
</statistics>
<errors>
</errors>
</robot>
